2025-04-30 11:21:06,934 CRIT Supervisor is running as root.  Privileges were not dropped because no user is specified in the config file.  If you intend to run as root, you can set user=root in the config file to avoid this message.
2025-04-30 11:21:06,937 INFO supervisord started with pid 1
2025-04-30 11:21:07,949 INFO spawned: 'php-server' with pid 6
2025-04-30 11:21:08,986 INFO success: php-server entered RUNNING state, process has stayed up for > than 1 seconds (startsecs)
2025-04-30 11:38:51,095 WARN received SIGQUIT indicating exit request
2025-04-30 11:38:51,096 INFO waiting for php-server to die
2025-04-30 11:38:51,099 WARN stopped: php-server (terminated by SIGTERM)
2025-04-30 11:39:39,627 CRIT Supervisor is running as root.  Privileges were not dropped because no user is specified in the config file.  If you intend to run as root, you can set user=root in the config file to avoid this message.
2025-04-30 11:39:39,631 CRIT Server 'unix_http_server' running without any HTTP authentication checking
2025-04-30 11:39:39,633 INFO supervisord started with pid 1
2025-04-30 11:39:40,641 INFO spawned: 'laravel-queue' with pid 7
2025-04-30 11:39:40,644 INFO spawned: 'php-server' with pid 8
2025-04-30 11:39:41,679 INFO success: laravel-queue entered RUNNING state, process has stayed up for > than 1 seconds (startsecs)
2025-04-30 11:39:41,681 INFO success: php-server entered RUNNING state, process has stayed up for > than 1 seconds (startsecs)
2025-04-30 11:42:48,842 WARN received SIGQUIT indicating exit request
2025-04-30 11:42:48,842 INFO waiting for laravel-queue, php-server to die
2025-04-30 11:42:48,844 WARN stopped: php-server (terminated by SIGTERM)
2025-04-30 11:42:48,847 WARN stopped: laravel-queue (terminated by SIGTERM)
2025-04-30 11:49:36,008 CRIT Supervisor is running as root.  Privileges were not dropped because no user is specified in the config file.  If you intend to run as root, you can set user=root in the config file to avoid this message.
2025-04-30 11:49:36,015 INFO RPC interface 'supervisor' initialized
2025-04-30 11:49:36,015 CRIT Server 'unix_http_server' running without any HTTP authentication checking
2025-04-30 11:49:36,018 INFO supervisord started with pid 1
2025-04-30 11:49:37,029 INFO spawned: 'laravel-queue' with pid 7
2025-04-30 11:49:37,036 INFO spawned: 'php-server' with pid 8
2025-04-30 11:49:38,122 INFO success: laravel-queue entered RUNNING state, process has stayed up for > than 1 seconds (startsecs)
2025-04-30 11:49:38,122 INFO success: php-server entered RUNNING state, process has stayed up for > than 1 seconds (startsecs)
2025-04-30 12:01:04,562 WARN received SIGQUIT indicating exit request
2025-04-30 12:01:04,562 INFO waiting for laravel-queue, php-server to die
2025-04-30 12:01:04,564 WARN stopped: php-server (terminated by SIGTERM)
2025-04-30 12:01:05,568 WARN stopped: laravel-queue (terminated by SIGTERM)
2025-04-30 12:01:35,009 CRIT Supervisor is running as root.  Privileges were not dropped because no user is specified in the config file.  If you intend to run as root, you can set user=root in the config file to avoid this message.
2025-04-30 12:01:35,014 INFO RPC interface 'supervisor' initialized
2025-04-30 12:01:35,014 CRIT Server 'unix_http_server' running without any HTTP authentication checking
2025-04-30 12:01:35,017 INFO supervisord started with pid 1
2025-04-30 12:01:36,027 INFO spawned: 'laravel-queue' with pid 7
2025-04-30 12:01:36,030 INFO spawned: 'php-server' with pid 8
2025-04-30 12:01:37,054 INFO success: laravel-queue entered RUNNING state, process has stayed up for > than 1 seconds (startsecs)
2025-04-30 12:01:37,055 INFO success: php-server entered RUNNING state, process has stayed up for > than 1 seconds (startsecs)
2025-04-30 12:59:59,446 WARN received SIGQUIT indicating exit request
2025-04-30 12:59:59,447 INFO waiting for laravel-queue, php-server to die
2025-04-30 12:59:59,451 WARN stopped: php-server (terminated by SIGTERM)
2025-04-30 13:00:00,458 WARN stopped: laravel-queue (terminated by SIGTERM)
2025-05-05 06:55:50,882 CRIT Supervisor is running as root.  Privileges were not dropped because no user is specified in the config file.  If you intend to run as root, you can set user=root in the config file to avoid this message.
2025-05-05 06:55:50,886 INFO RPC interface 'supervisor' initialized
2025-05-05 06:55:50,886 CRIT Server 'unix_http_server' running without any HTTP authentication checking
2025-05-05 06:55:50,888 INFO supervisord started with pid 1
2025-05-05 06:55:51,896 INFO spawned: 'laravel-queue' with pid 7
2025-05-05 06:55:51,898 INFO spawned: 'php-server' with pid 8
2025-05-05 06:55:51,929 WARN exited: laravel-queue (exit status 255; not expected)
2025-05-05 06:55:52,936 INFO spawned: 'laravel-queue' with pid 9
2025-05-05 06:55:52,938 INFO success: php-server entered RUNNING state, process has stayed up for > than 1 seconds (startsecs)
2025-05-05 06:55:52,962 WARN exited: laravel-queue (exit status 255; not expected)
2025-05-05 06:55:54,970 INFO spawned: 'laravel-queue' with pid 10
2025-05-05 06:55:55,020 WARN exited: laravel-queue (exit status 255; not expected)
2025-05-05 06:55:58,028 INFO spawned: 'laravel-queue' with pid 11
2025-05-05 06:55:58,056 WARN exited: laravel-queue (exit status 255; not expected)
2025-05-05 06:55:59,058 INFO gave up: laravel-queue entered FATAL state, too many start retries too quickly
2025-05-05 06:58:54,408 INFO reaped unknown pid 33 (exit status 0)
2025-05-05 07:07:06,382 INFO reaped unknown pid 51 (exit status 0)
2025-05-05 13:01:09,565 WARN received SIGQUIT indicating exit request
2025-05-05 13:01:09,566 INFO waiting for php-server to die
2025-05-05 13:01:09,568 WARN stopped: php-server (terminated by SIGTERM)
2025-05-06 05:57:23,645 CRIT Supervisor is running as root.  Privileges were not dropped because no user is specified in the config file.  If you intend to run as root, you can set user=root in the config file to avoid this message.
2025-05-06 05:57:23,651 INFO RPC interface 'supervisor' initialized
2025-05-06 05:57:23,651 CRIT Server 'unix_http_server' running without any HTTP authentication checking
2025-05-06 05:57:23,653 INFO supervisord started with pid 1
2025-05-06 05:57:24,656 INFO spawned: 'laravel-queue' with pid 7
2025-05-06 05:57:24,659 INFO spawned: 'php-server' with pid 8
2025-05-06 05:57:25,793 INFO success: laravel-queue entered RUNNING state, process has stayed up for > than 1 seconds (startsecs)
2025-05-06 05:57:25,794 INFO success: php-server entered RUNNING state, process has stayed up for > than 1 seconds (startsecs)
2025-05-06 12:50:01,646 WARN received SIGQUIT indicating exit request
2025-05-06 12:50:01,647 INFO waiting for laravel-queue, php-server to die
2025-05-06 12:50:01,648 WARN stopped: php-server (terminated by SIGTERM)
2025-05-06 12:50:02,651 WARN stopped: laravel-queue (terminated by SIGTERM)
2025-05-06 12:52:16,644 CRIT Supervisor is running as root.  Privileges were not dropped because no user is specified in the config file.  If you intend to run as root, you can set user=root in the config file to avoid this message.
2025-05-06 12:52:16,672 INFO RPC interface 'supervisor' initialized
2025-05-06 12:52:16,672 CRIT Server 'unix_http_server' running without any HTTP authentication checking
2025-05-06 12:52:16,673 INFO supervisord started with pid 1
2025-05-06 12:52:17,679 INFO spawned: 'laravel-queue' with pid 7
2025-05-06 12:52:17,686 INFO spawned: 'php-server' with pid 8
2025-05-06 12:52:18,721 INFO success: laravel-queue entered RUNNING state, process has stayed up for > than 1 seconds (startsecs)
2025-05-06 12:52:18,721 INFO success: php-server entered RUNNING state, process has stayed up for > than 1 seconds (startsecs)
2025-05-06 12:53:22,843 INFO reaped unknown pid 87 (exit status 0)
2025-05-06 13:00:34,705 WARN received SIGQUIT indicating exit request
2025-05-06 13:00:34,706 INFO waiting for laravel-queue, php-server to die
2025-05-06 13:00:34,709 WARN stopped: php-server (terminated by SIGTERM)
2025-05-06 13:00:35,715 WARN stopped: laravel-queue (terminated by SIGTERM)
2025-05-07 05:58:27,247 CRIT Supervisor is running as root.  Privileges were not dropped because no user is specified in the config file.  If you intend to run as root, you can set user=root in the config file to avoid this message.
2025-05-07 05:58:27,256 INFO RPC interface 'supervisor' initialized
2025-05-07 05:58:27,257 CRIT Server 'unix_http_server' running without any HTTP authentication checking
2025-05-07 05:58:27,260 INFO supervisord started with pid 1
2025-05-07 05:58:28,263 INFO spawned: 'laravel-queue' with pid 7
2025-05-07 05:58:28,265 INFO spawned: 'php-server' with pid 8
2025-05-07 05:58:29,438 INFO success: laravel-queue entered RUNNING state, process has stayed up for > than 1 seconds (startsecs)
2025-05-07 05:58:29,439 INFO success: php-server entered RUNNING state, process has stayed up for > than 1 seconds (startsecs)
2025-05-07 05:58:31,443 WARN received SIGQUIT indicating exit request
2025-05-07 05:58:31,444 INFO waiting for laravel-queue, php-server to die
2025-05-07 05:58:31,445 WARN stopped: php-server (terminated by SIGTERM)
2025-05-07 05:58:32,448 WARN stopped: laravel-queue (terminated by SIGTERM)
2025-05-07 05:59:08,516 CRIT Supervisor is running as root.  Privileges were not dropped because no user is specified in the config file.  If you intend to run as root, you can set user=root in the config file to avoid this message.
2025-05-07 05:59:08,521 INFO RPC interface 'supervisor' initialized
2025-05-07 05:59:08,521 CRIT Server 'unix_http_server' running without any HTTP authentication checking
2025-05-07 05:59:08,522 INFO supervisord started with pid 1
2025-05-07 05:59:09,525 INFO spawned: 'laravel-queue' with pid 7
2025-05-07 05:59:09,528 INFO spawned: 'php-server' with pid 8
2025-05-07 05:59:10,550 INFO success: laravel-queue entered RUNNING state, process has stayed up for > than 1 seconds (startsecs)
2025-05-07 05:59:10,551 INFO success: php-server entered RUNNING state, process has stayed up for > than 1 seconds (startsecs)
2025-05-07 09:49:48,238 WARN received SIGQUIT indicating exit request
2025-05-07 09:49:48,241 INFO waiting for laravel-queue, php-server to die
2025-05-07 09:49:48,245 WARN stopped: php-server (terminated by SIGTERM)
2025-05-07 09:49:48,251 WARN stopped: laravel-queue (terminated by SIGTERM)
2025-05-07 09:50:25,189 CRIT Supervisor is running as root.  Privileges were not dropped because no user is specified in the config file.  If you intend to run as root, you can set user=root in the config file to avoid this message.
2025-05-07 09:50:25,195 INFO RPC interface 'supervisor' initialized
2025-05-07 09:50:25,195 CRIT Server 'unix_http_server' running without any HTTP authentication checking
2025-05-07 09:50:25,198 INFO supervisord started with pid 1
2025-05-07 09:50:26,207 INFO spawned: 'laravel-queue' with pid 7
2025-05-07 09:50:26,210 INFO spawned: 'php-server' with pid 8
2025-05-07 09:50:27,252 INFO success: laravel-queue entered RUNNING state, process has stayed up for > than 1 seconds (startsecs)
2025-05-07 09:50:27,253 INFO success: php-server entered RUNNING state, process has stayed up for > than 1 seconds (startsecs)
2025-05-07 13:02:50,981 WARN received SIGQUIT indicating exit request
2025-05-07 13:02:50,982 INFO waiting for laravel-queue, php-server to die
2025-05-07 13:02:50,984 WARN stopped: php-server (terminated by SIGTERM)
2025-05-07 13:02:51,988 WARN stopped: laravel-queue (terminated by SIGTERM)
2025-05-08 06:01:47,536 CRIT Supervisor is running as root.  Privileges were not dropped because no user is specified in the config file.  If you intend to run as root, you can set user=root in the config file to avoid this message.
2025-05-08 06:01:47,540 INFO RPC interface 'supervisor' initialized
2025-05-08 06:01:47,543 CRIT Server 'unix_http_server' running without any HTTP authentication checking
2025-05-08 06:01:47,547 INFO supervisord started with pid 1
2025-05-08 06:01:48,553 INFO spawned: 'laravel-queue' with pid 7
2025-05-08 06:01:48,558 INFO spawned: 'php-server' with pid 8
2025-05-08 06:01:49,688 INFO success: laravel-queue entered RUNNING state, process has stayed up for > than 1 seconds (startsecs)
2025-05-08 06:01:49,689 INFO success: php-server entered RUNNING state, process has stayed up for > than 1 seconds (startsecs)
2025-05-08 08:58:28,883 WARN received SIGQUIT indicating exit request
2025-05-08 08:58:28,883 INFO waiting for laravel-queue, php-server to die
2025-05-08 08:58:28,885 WARN stopped: php-server (terminated by SIGTERM)
2025-05-08 08:58:29,888 WARN stopped: laravel-queue (terminated by SIGTERM)
2025-05-08 08:58:56,433 CRIT Supervisor is running as root.  Privileges were not dropped because no user is specified in the config file.  If you intend to run as root, you can set user=root in the config file to avoid this message.
2025-05-08 08:58:56,436 INFO RPC interface 'supervisor' initialized
2025-05-08 08:58:56,436 CRIT Server 'unix_http_server' running without any HTTP authentication checking
2025-05-08 08:58:56,437 INFO supervisord started with pid 1
2025-05-08 08:58:57,449 INFO spawned: 'laravel-queue' with pid 7
2025-05-08 08:58:57,456 INFO spawned: 'php-server' with pid 8
2025-05-08 08:58:58,485 INFO success: laravel-queue entered RUNNING state, process has stayed up for > than 1 seconds (startsecs)
2025-05-08 08:58:58,486 INFO success: php-server entered RUNNING state, process has stayed up for > than 1 seconds (startsecs)
2025-05-08 12:59:06,947 WARN received SIGQUIT indicating exit request
2025-05-08 12:59:06,948 INFO waiting for laravel-queue, php-server to die
2025-05-08 12:59:06,951 WARN stopped: php-server (terminated by SIGTERM)
2025-05-08 12:59:06,955 WARN stopped: laravel-queue (terminated by SIGTERM)
2025-05-09 06:01:53,455 CRIT Supervisor is running as root.  Privileges were not dropped because no user is specified in the config file.  If you intend to run as root, you can set user=root in the config file to avoid this message.
2025-05-09 06:01:53,463 INFO RPC interface 'supervisor' initialized
2025-05-09 06:01:53,463 CRIT Server 'unix_http_server' running without any HTTP authentication checking
2025-05-09 06:01:53,465 INFO supervisord started with pid 1
2025-05-09 06:01:54,469 INFO spawned: 'laravel-queue' with pid 7
2025-05-09 06:01:54,472 INFO spawned: 'php-server' with pid 8
2025-05-09 06:01:55,606 INFO success: laravel-queue entered RUNNING state, process has stayed up for > than 1 seconds (startsecs)
2025-05-09 06:01:55,607 INFO success: php-server entered RUNNING state, process has stayed up for > than 1 seconds (startsecs)
2025-05-09 12:56:45,129 WARN received SIGQUIT indicating exit request
2025-05-09 12:56:45,130 INFO waiting for laravel-queue, php-server to die
2025-05-09 12:56:45,133 WARN stopped: php-server (terminated by SIGTERM)
2025-05-09 12:56:45,136 WARN stopped: laravel-queue (terminated by SIGTERM)
2025-05-12 06:02:29,132 CRIT Supervisor is running as root.  Privileges were not dropped because no user is specified in the config file.  If you intend to run as root, you can set user=root in the config file to avoid this message.
2025-05-12 06:02:29,139 INFO RPC interface 'supervisor' initialized
2025-05-12 06:02:29,139 CRIT Server 'unix_http_server' running without any HTTP authentication checking
2025-05-12 06:02:29,143 INFO supervisord started with pid 1
2025-05-12 06:02:30,148 INFO spawned: 'laravel-queue' with pid 7
2025-05-12 06:02:30,153 INFO spawned: 'php-server' with pid 8
2025-05-12 06:02:31,270 INFO success: laravel-queue entered RUNNING state, process has stayed up for > than 1 seconds (startsecs)
2025-05-12 06:02:31,271 INFO success: php-server entered RUNNING state, process has stayed up for > than 1 seconds (startsecs)
2025-05-12 13:00:11,161 WARN received SIGQUIT indicating exit request
2025-05-12 13:00:11,161 INFO waiting for laravel-queue, php-server to die
2025-05-12 13:00:11,164 WARN stopped: php-server (terminated by SIGTERM)
2025-05-12 13:00:12,168 WARN stopped: laravel-queue (terminated by SIGTERM)
2025-05-13 06:01:39,288 CRIT Supervisor is running as root.  Privileges were not dropped because no user is specified in the config file.  If you intend to run as root, you can set user=root in the config file to avoid this message.
2025-05-13 06:01:39,297 INFO RPC interface 'supervisor' initialized
2025-05-13 06:01:39,298 CRIT Server 'unix_http_server' running without any HTTP authentication checking
2025-05-13 06:01:39,303 INFO supervisord started with pid 1
2025-05-13 06:01:40,306 INFO spawned: 'laravel-queue' with pid 7
2025-05-13 06:01:40,309 INFO spawned: 'php-server' with pid 8
2025-05-13 06:01:41,469 INFO success: laravel-queue entered RUNNING state, process has stayed up for > than 1 seconds (startsecs)
2025-05-13 06:01:41,470 INFO success: php-server entered RUNNING state, process has stayed up for > than 1 seconds (startsecs)
2025-05-13 10:18:13,932 WARN received SIGQUIT indicating exit request
2025-05-13 10:18:13,933 INFO waiting for laravel-queue, php-server to die
2025-05-13 10:18:13,934 WARN stopped: php-server (terminated by SIGTERM)
2025-05-13 10:18:14,937 WARN stopped: laravel-queue (terminated by SIGTERM)
2025-05-13 10:20:07,817 CRIT Supervisor is running as root.  Privileges were not dropped because no user is specified in the config file.  If you intend to run as root, you can set user=root in the config file to avoid this message.
2025-05-13 10:20:07,821 INFO RPC interface 'supervisor' initialized
2025-05-13 10:20:07,822 CRIT Server 'unix_http_server' running without any HTTP authentication checking
2025-05-13 10:20:07,824 INFO supervisord started with pid 1
2025-05-13 10:20:08,837 INFO spawned: 'laravel-queue' with pid 7
2025-05-13 10:20:08,844 INFO spawned: 'php-server' with pid 8
2025-05-13 10:20:09,901 INFO success: laravel-queue entered RUNNING state, process has stayed up for > than 1 seconds (startsecs)
2025-05-13 10:20:09,902 INFO success: php-server entered RUNNING state, process has stayed up for > than 1 seconds (startsecs)
2025-05-13 12:22:49,760 WARN received SIGQUIT indicating exit request
2025-05-13 12:22:49,761 INFO waiting for laravel-queue, php-server to die
2025-05-13 12:22:49,764 WARN stopped: php-server (terminated by SIGTERM)
2025-05-13 12:22:50,774 WARN stopped: laravel-queue (terminated by SIGTERM)
2025-05-13 12:23:51,585 CRIT Supervisor is running as root.  Privileges were not dropped because no user is specified in the config file.  If you intend to run as root, you can set user=root in the config file to avoid this message.
2025-05-13 12:23:51,588 INFO RPC interface 'supervisor' initialized
2025-05-13 12:23:51,588 CRIT Server 'unix_http_server' running without any HTTP authentication checking
2025-05-13 12:23:51,590 INFO supervisord started with pid 1
2025-05-13 12:23:52,597 INFO spawned: 'laravel-queue' with pid 7
2025-05-13 12:23:52,599 INFO spawned: 'php-server' with pid 8
2025-05-13 12:23:53,635 INFO success: laravel-queue entered RUNNING state, process has stayed up for > than 1 seconds (startsecs)
2025-05-13 12:23:53,636 INFO success: php-server entered RUNNING state, process has stayed up for > than 1 seconds (startsecs)
2025-05-13 13:05:18,154 WARN received SIGQUIT indicating exit request
2025-05-13 13:05:18,155 INFO waiting for laravel-queue, php-server to die
2025-05-13 13:05:18,158 WARN stopped: php-server (terminated by SIGTERM)
2025-05-13 13:05:18,162 WARN stopped: laravel-queue (terminated by SIGTERM)
2025-05-14 06:04:36,197 CRIT Supervisor is running as root.  Privileges were not dropped because no user is specified in the config file.  If you intend to run as root, you can set user=root in the config file to avoid this message.
2025-05-14 06:04:36,202 INFO RPC interface 'supervisor' initialized
2025-05-14 06:04:36,202 CRIT Server 'unix_http_server' running without any HTTP authentication checking
2025-05-14 06:04:36,202 INFO supervisord started with pid 1
2025-05-14 06:04:37,207 INFO spawned: 'laravel-queue' with pid 7
2025-05-14 06:04:37,215 INFO spawned: 'php-server' with pid 8
2025-05-14 06:04:38,355 INFO success: laravel-queue entered RUNNING state, process has stayed up for > than 1 seconds (startsecs)
2025-05-14 06:04:38,355 INFO success: php-server entered RUNNING state, process has stayed up for > than 1 seconds (startsecs)
2025-05-14 13:01:56,584 WARN received SIGQUIT indicating exit request
2025-05-14 13:01:56,586 INFO waiting for laravel-queue, php-server to die
2025-05-14 13:01:56,590 WARN stopped: php-server (terminated by SIGTERM)
2025-05-14 13:01:57,596 WARN stopped: laravel-queue (terminated by SIGTERM)
2025-05-15 06:00:19,396 CRIT Supervisor is running as root.  Privileges were not dropped because no user is specified in the config file.  If you intend to run as root, you can set user=root in the config file to avoid this message.
2025-05-15 06:00:19,404 INFO RPC interface 'supervisor' initialized
2025-05-15 06:00:19,404 CRIT Server 'unix_http_server' running without any HTTP authentication checking
2025-05-15 06:00:19,407 INFO supervisord started with pid 1
2025-05-15 06:00:20,411 INFO spawned: 'laravel-queue' with pid 7
2025-05-15 06:00:20,415 INFO spawned: 'php-server' with pid 8
2025-05-15 06:00:21,018 WARN exited: laravel-queue (exit status 1; not expected)
2025-05-15 06:00:22,023 INFO spawned: 'laravel-queue' with pid 9
2025-05-15 06:00:22,024 INFO success: php-server entered RUNNING state, process has stayed up for > than 1 seconds (startsecs)
2025-05-15 06:00:22,208 WARN exited: laravel-queue (exit status 1; not expected)
2025-05-15 06:00:24,214 INFO spawned: 'laravel-queue' with pid 10
2025-05-15 06:00:24,368 WARN exited: laravel-queue (exit status 1; not expected)
2025-05-15 06:00:27,376 INFO spawned: 'laravel-queue' with pid 11
2025-05-15 06:00:27,579 WARN exited: laravel-queue (exit status 1; not expected)
2025-05-15 06:00:28,582 INFO gave up: laravel-queue entered FATAL state, too many start retries too quickly
2025-05-15 13:00:25,389 WARN received SIGQUIT indicating exit request
2025-05-15 13:00:25,390 INFO waiting for php-server to die
2025-05-15 13:00:25,394 WARN stopped: php-server (terminated by SIGTERM)
2025-05-16 06:02:01,726 CRIT Supervisor is running as root.  Privileges were not dropped because no user is specified in the config file.  If you intend to run as root, you can set user=root in the config file to avoid this message.
2025-05-16 06:02:01,733 INFO RPC interface 'supervisor' initialized
2025-05-16 06:02:01,733 CRIT Server 'unix_http_server' running without any HTTP authentication checking
2025-05-16 06:02:01,735 INFO supervisord started with pid 1
2025-05-16 06:02:02,738 INFO spawned: 'laravel-queue' with pid 6
2025-05-16 06:02:02,741 INFO spawned: 'php-server' with pid 7
2025-05-16 06:02:03,928 INFO success: laravel-queue entered RUNNING state, process has stayed up for > than 1 seconds (startsecs)
2025-05-16 06:02:03,928 INFO success: php-server entered RUNNING state, process has stayed up for > than 1 seconds (startsecs)
2025-05-16 06:02:10,489 WARN received SIGQUIT indicating exit request
2025-05-16 06:02:10,493 INFO waiting for laravel-queue, php-server to die
2025-05-16 06:02:10,494 WARN stopped: php-server (terminated by SIGTERM)
2025-05-16 06:02:11,497 WARN stopped: laravel-queue (terminated by SIGTERM)
2025-05-16 06:02:26,818 CRIT Supervisor is running as root.  Privileges were not dropped because no user is specified in the config file.  If you intend to run as root, you can set user=root in the config file to avoid this message.
2025-05-16 06:02:26,823 INFO RPC interface 'supervisor' initialized
2025-05-16 06:02:26,823 CRIT Server 'unix_http_server' running without any HTTP authentication checking
2025-05-16 06:02:26,825 INFO supervisord started with pid 1
2025-05-16 06:02:27,828 INFO spawned: 'laravel-queue' with pid 7
2025-05-16 06:02:27,832 INFO spawned: 'php-server' with pid 8
2025-05-16 06:02:28,860 INFO success: laravel-queue entered RUNNING state, process has stayed up for > than 1 seconds (startsecs)
2025-05-16 06:02:28,861 INFO success: php-server entered RUNNING state, process has stayed up for > than 1 seconds (startsecs)
2025-05-16 12:20:11,752 WARN received SIGQUIT indicating exit request
2025-05-16 12:20:11,753 INFO waiting for laravel-queue, php-server to die
2025-05-16 12:20:11,754 WARN stopped: php-server (terminated by SIGTERM)
2025-05-16 12:20:11,756 WARN stopped: laravel-queue (terminated by SIGTERM)
2025-05-16 12:20:21,177 CRIT Supervisor is running as root.  Privileges were not dropped because no user is specified in the config file.  If you intend to run as root, you can set user=root in the config file to avoid this message.
2025-05-16 12:20:21,179 INFO RPC interface 'supervisor' initialized
2025-05-16 12:20:21,180 CRIT Server 'unix_http_server' running without any HTTP authentication checking
2025-05-16 12:20:21,180 INFO supervisord started with pid 1
2025-05-16 12:20:22,184 INFO spawned: 'laravel-queue' with pid 7
2025-05-16 12:20:22,186 INFO spawned: 'php-server' with pid 8
2025-05-16 12:20:23,214 INFO success: laravel-queue entered RUNNING state, process has stayed up for > than 1 seconds (startsecs)
2025-05-16 12:20:23,214 INFO success: php-server entered RUNNING state, process has stayed up for > than 1 seconds (startsecs)
2025-05-16 13:00:11,908 WARN received SIGQUIT indicating exit request
2025-05-16 13:00:11,909 INFO waiting for laravel-queue, php-server to die
2025-05-16 13:00:11,910 WARN stopped: php-server (terminated by SIGTERM)
2025-05-16 13:00:12,915 WARN stopped: laravel-queue (terminated by SIGTERM)
2025-05-19 06:01:16,826 CRIT Supervisor is running as root.  Privileges were not dropped because no user is specified in the config file.  If you intend to run as root, you can set user=root in the config file to avoid this message.
2025-05-19 06:01:16,830 INFO RPC interface 'supervisor' initialized
2025-05-19 06:01:16,830 CRIT Server 'unix_http_server' running without any HTTP authentication checking
2025-05-19 06:01:16,831 INFO supervisord started with pid 1
2025-05-19 06:01:17,836 INFO spawned: 'laravel-queue' with pid 7
2025-05-19 06:01:17,843 INFO spawned: 'php-server' with pid 8
2025-05-19 06:01:18,976 INFO success: laravel-queue entered RUNNING state, process has stayed up for > than 1 seconds (startsecs)
2025-05-19 06:01:18,977 INFO success: php-server entered RUNNING state, process has stayed up for > than 1 seconds (startsecs)
2025-05-19 13:00:23,761 WARN received SIGQUIT indicating exit request
2025-05-19 13:00:23,763 INFO waiting for laravel-queue, php-server to die
2025-05-19 13:00:23,766 WARN stopped: php-server (terminated by SIGTERM)
2025-05-19 13:00:24,773 WARN stopped: laravel-queue (terminated by SIGTERM)
2025-05-20 06:03:08,280 CRIT Supervisor is running as root.  Privileges were not dropped because no user is specified in the config file.  If you intend to run as root, you can set user=root in the config file to avoid this message.
2025-05-20 06:03:08,285 INFO RPC interface 'supervisor' initialized
2025-05-20 06:03:08,285 CRIT Server 'unix_http_server' running without any HTTP authentication checking
2025-05-20 06:03:08,286 INFO supervisord started with pid 1
2025-05-20 06:03:09,289 INFO spawned: 'laravel-queue' with pid 7
2025-05-20 06:03:09,295 INFO spawned: 'php-server' with pid 8
2025-05-20 06:03:10,422 INFO success: laravel-queue entered RUNNING state, process has stayed up for > than 1 seconds (startsecs)
2025-05-20 06:03:10,423 INFO success: php-server entered RUNNING state, process has stayed up for > than 1 seconds (startsecs)
2025-05-20 11:41:07,422 CRIT Supervisor is running as root.  Privileges were not dropped because no user is specified in the config file.  If you intend to run as root, you can set user=root in the config file to avoid this message.
2025-05-20 11:41:07,733 INFO RPC interface 'supervisor' initialized
2025-05-20 11:41:07,733 CRIT Server 'unix_http_server' running without any HTTP authentication checking
2025-05-20 11:41:07,735 INFO supervisord started with pid 1
2025-05-20 11:41:08,739 INFO spawned: 'laravel-queue' with pid 7
2025-05-20 11:41:08,748 INFO spawned: 'php-server' with pid 8
2025-05-20 11:41:09,913 INFO success: laravel-queue entered RUNNING state, process has stayed up for > than 1 seconds (startsecs)
2025-05-20 11:41:09,913 INFO success: php-server entered RUNNING state, process has stayed up for > than 1 seconds (startsecs)
2025-05-20 12:59:11,033 WARN received SIGQUIT indicating exit request
2025-05-20 12:59:11,050 INFO waiting for laravel-queue, php-server to die
2025-05-20 12:59:11,052 WARN stopped: php-server (terminated by SIGTERM)
2025-05-20 12:59:12,057 WARN stopped: laravel-queue (terminated by SIGTERM)
2025-05-21 06:00:43,834 CRIT Supervisor is running as root.  Privileges were not dropped because no user is specified in the config file.  If you intend to run as root, you can set user=root in the config file to avoid this message.
2025-05-21 06:00:43,842 INFO RPC interface 'supervisor' initialized
2025-05-21 06:00:43,843 CRIT Server 'unix_http_server' running without any HTTP authentication checking
2025-05-21 06:00:43,845 INFO supervisord started with pid 1
2025-05-21 06:00:44,848 INFO spawned: 'laravel-queue' with pid 7
2025-05-21 06:00:44,851 INFO spawned: 'php-server' with pid 8
2025-05-21 06:00:46,023 INFO success: laravel-queue entered RUNNING state, process has stayed up for > than 1 seconds (startsecs)
2025-05-21 06:00:46,024 INFO success: php-server entered RUNNING state, process has stayed up for > than 1 seconds (startsecs)
2025-05-21 12:26:14,676 INFO reaped unknown pid 59 (exit status 0)
2025-05-21 13:00:19,959 WARN received SIGQUIT indicating exit request
2025-05-21 13:00:19,960 INFO waiting for laravel-queue, php-server to die
2025-05-21 13:00:19,963 WARN stopped: php-server (terminated by SIGTERM)
2025-05-21 13:00:20,970 WARN stopped: laravel-queue (terminated by SIGTERM)
2025-05-22 05:55:55,034 CRIT Supervisor is running as root.  Privileges were not dropped because no user is specified in the config file.  If you intend to run as root, you can set user=root in the config file to avoid this message.
2025-05-22 05:55:55,041 INFO RPC interface 'supervisor' initialized
2025-05-22 05:55:55,041 CRIT Server 'unix_http_server' running without any HTTP authentication checking
2025-05-22 05:55:55,042 INFO supervisord started with pid 1
2025-05-22 05:55:56,049 INFO spawned: 'laravel-queue' with pid 7
2025-05-22 05:55:56,056 INFO spawned: 'php-server' with pid 8
2025-05-22 05:55:57,227 INFO success: laravel-queue entered RUNNING state, process has stayed up for > than 1 seconds (startsecs)
2025-05-22 05:55:57,228 INFO success: php-server entered RUNNING state, process has stayed up for > than 1 seconds (startsecs)
2025-05-22 09:55:49,607 CRIT Supervisor is running as root.  Privileges were not dropped because no user is specified in the config file.  If you intend to run as root, you can set user=root in the config file to avoid this message.
2025-05-22 09:55:49,916 INFO RPC interface 'supervisor' initialized
2025-05-22 09:55:49,917 CRIT Server 'unix_http_server' running without any HTTP authentication checking
2025-05-22 09:55:49,918 INFO supervisord started with pid 1
2025-05-22 09:55:50,922 INFO spawned: 'laravel-queue' with pid 7
2025-05-22 09:55:50,925 INFO spawned: 'php-server' with pid 8
2025-05-22 09:55:52,075 INFO success: laravel-queue entered RUNNING state, process has stayed up for > than 1 seconds (startsecs)
2025-05-22 09:55:52,076 INFO success: php-server entered RUNNING state, process has stayed up for > than 1 seconds (startsecs)
2025-05-22 13:00:10,275 WARN received SIGQUIT indicating exit request
2025-05-22 13:00:10,276 INFO waiting for laravel-queue, php-server to die
2025-05-22 13:00:10,280 WARN stopped: php-server (terminated by SIGTERM)
2025-05-22 13:00:11,288 WARN stopped: laravel-queue (terminated by SIGTERM)
2025-05-26 06:00:40,813 CRIT Supervisor is running as root.  Privileges were not dropped because no user is specified in the config file.  If you intend to run as root, you can set user=root in the config file to avoid this message.
2025-05-26 06:00:40,820 INFO RPC interface 'supervisor' initialized
2025-05-26 06:00:40,820 CRIT Server 'unix_http_server' running without any HTTP authentication checking
2025-05-26 06:00:40,823 INFO supervisord started with pid 1
2025-05-26 06:00:41,827 INFO spawned: 'laravel-queue' with pid 7
2025-05-26 06:00:41,834 INFO spawned: 'php-server' with pid 8
2025-05-26 06:00:42,978 INFO success: laravel-queue entered RUNNING state, process has stayed up for > than 1 seconds (startsecs)
2025-05-26 06:00:42,979 INFO success: php-server entered RUNNING state, process has stayed up for > than 1 seconds (startsecs)
2025-05-26 07:31:16,841 WARN received SIGQUIT indicating exit request
2025-05-26 07:31:16,841 INFO waiting for laravel-queue, php-server to die
2025-05-26 07:31:16,843 WARN stopped: php-server (terminated by SIGTERM)
2025-05-26 07:31:16,845 WARN stopped: laravel-queue (terminated by SIGTERM)
2025-05-26 07:31:31,291 CRIT Supervisor is running as root.  Privileges were not dropped because no user is specified in the config file.  If you intend to run as root, you can set user=root in the config file to avoid this message.
2025-05-26 07:31:31,296 INFO RPC interface 'supervisor' initialized
2025-05-26 07:31:31,297 CRIT Server 'unix_http_server' running without any HTTP authentication checking
2025-05-26 07:31:31,299 INFO supervisord started with pid 1
2025-05-26 07:31:32,317 INFO spawned: 'laravel-queue' with pid 7
2025-05-26 07:31:32,323 INFO spawned: 'php-server' with pid 8
2025-05-26 07:31:33,354 INFO success: laravel-queue entered RUNNING state, process has stayed up for > than 1 seconds (startsecs)
2025-05-26 07:31:33,355 INFO success: php-server entered RUNNING state, process has stayed up for > than 1 seconds (startsecs)
2025-05-26 11:47:35,228 WARN received SIGQUIT indicating exit request
2025-05-26 11:47:35,228 INFO waiting for laravel-queue, php-server to die
2025-05-26 11:47:35,230 WARN stopped: php-server (terminated by SIGTERM)
2025-05-26 11:47:36,233 WARN stopped: laravel-queue (terminated by SIGTERM)
2025-05-26 11:48:02,492 CRIT Supervisor is running as root.  Privileges were not dropped because no user is specified in the config file.  If you intend to run as root, you can set user=root in the config file to avoid this message.
2025-05-26 11:48:02,497 INFO RPC interface 'supervisor' initialized
2025-05-26 11:48:02,499 CRIT Server 'unix_http_server' running without any HTTP authentication checking
2025-05-26 11:48:02,501 INFO supervisord started with pid 1
2025-05-26 11:48:03,507 INFO spawned: 'laravel-queue' with pid 7
2025-05-26 11:48:03,513 INFO spawned: 'php-server' with pid 8
2025-05-26 11:48:04,547 INFO success: laravel-queue entered RUNNING state, process has stayed up for > than 1 seconds (startsecs)
2025-05-26 11:48:04,548 INFO success: php-server entered RUNNING state, process has stayed up for > than 1 seconds (startsecs)
2025-05-26 13:00:31,915 WARN received SIGQUIT indicating exit request
2025-05-26 13:00:31,916 INFO waiting for laravel-queue, php-server to die
2025-05-26 13:00:31,919 WARN stopped: php-server (terminated by SIGTERM)
2025-05-26 13:00:32,924 WARN stopped: laravel-queue (terminated by SIGTERM)
2025-05-27 05:55:08,759 CRIT Supervisor is running as root.  Privileges were not dropped because no user is specified in the config file.  If you intend to run as root, you can set user=root in the config file to avoid this message.
2025-05-27 05:55:08,766 INFO RPC interface 'supervisor' initialized
2025-05-27 05:55:08,766 CRIT Server 'unix_http_server' running without any HTTP authentication checking
2025-05-27 05:55:08,767 INFO supervisord started with pid 1
2025-05-27 05:55:09,770 INFO spawned: 'laravel-queue' with pid 7
2025-05-27 05:55:09,775 INFO spawned: 'php-server' with pid 8
2025-05-27 05:55:10,895 INFO success: laravel-queue entered RUNNING state, process has stayed up for > than 1 seconds (startsecs)
2025-05-27 05:55:10,897 INFO success: php-server entered RUNNING state, process has stayed up for > than 1 seconds (startsecs)
2025-05-27 12:59:42,687 WARN received SIGQUIT indicating exit request
2025-05-27 12:59:42,688 INFO waiting for laravel-queue, php-server to die
2025-05-27 12:59:42,690 WARN stopped: php-server (terminated by SIGTERM)
2025-05-27 12:59:43,697 WARN stopped: laravel-queue (terminated by SIGTERM)
2025-05-28 05:57:16,343 CRIT Supervisor is running as root.  Privileges were not dropped because no user is specified in the config file.  If you intend to run as root, you can set user=root in the config file to avoid this message.
2025-05-28 05:57:16,347 INFO RPC interface 'supervisor' initialized
2025-05-28 05:57:16,348 CRIT Server 'unix_http_server' running without any HTTP authentication checking
2025-05-28 05:57:16,350 INFO supervisord started with pid 1
2025-05-28 05:57:17,353 INFO spawned: 'laravel-queue' with pid 6
2025-05-28 05:57:17,359 INFO spawned: 'php-server' with pid 7
2025-05-28 05:57:18,503 INFO success: laravel-queue entered RUNNING state, process has stayed up for > than 1 seconds (startsecs)
2025-05-28 05:57:18,505 INFO success: php-server entered RUNNING state, process has stayed up for > than 1 seconds (startsecs)
2025-05-28 12:48:09,629 INFO reaped unknown pid 89 (exit status 0)
2025-05-29 06:04:07,295 CRIT Supervisor is running as root.  Privileges were not dropped because no user is specified in the config file.  If you intend to run as root, you can set user=root in the config file to avoid this message.
2025-05-29 06:04:07,304 INFO RPC interface 'supervisor' initialized
2025-05-29 06:04:07,304 CRIT Server 'unix_http_server' running without any HTTP authentication checking
2025-05-29 06:04:07,306 INFO supervisord started with pid 1
2025-05-29 06:04:08,326 INFO spawned: 'laravel-queue' with pid 7
2025-05-29 06:04:08,334 INFO spawned: 'php-server' with pid 8
2025-05-29 06:04:09,462 INFO success: laravel-queue entered RUNNING state, process has stayed up for > than 1 seconds (startsecs)
2025-05-29 06:04:09,463 INFO success: php-server entered RUNNING state, process has stayed up for > than 1 seconds (startsecs)
2025-05-29 06:45:01,675 INFO reaped unknown pid 43 (exit status 0)
2025-05-29 06:46:09,805 INFO reaped unknown pid 69 (exit status 0)
2025-05-29 08:10:29,797 INFO reaped unknown pid 126 (exit status 0)
2025-05-29 09:10:32,684 INFO reaped unknown pid 197 (exit status 0)
2025-05-29 09:15:04,605 INFO reaped unknown pid 209 (exit status 0)
2025-05-29 11:07:29,739 INFO reaped unknown pid 277 (exit status 0)
2025-05-29 11:08:22,402 INFO reaped unknown pid 295 (exit status 0)
2025-05-29 11:30:17,059 INFO reaped unknown pid 348 (exit status 0)
2025-05-29 13:00:07,665 WARN received SIGQUIT indicating exit request
2025-05-29 13:00:07,666 INFO waiting for laravel-queue, php-server to die
2025-05-29 13:00:07,667 WARN stopped: php-server (terminated by SIGTERM)
2025-05-29 13:00:08,673 WARN stopped: laravel-queue (terminated by SIGTERM)
2025-05-30 06:01:53,098 CRIT Supervisor is running as root.  Privileges were not dropped because no user is specified in the config file.  If you intend to run as root, you can set user=root in the config file to avoid this message.
2025-05-30 06:01:53,105 INFO RPC interface 'supervisor' initialized
2025-05-30 06:01:53,105 CRIT Server 'unix_http_server' running without any HTTP authentication checking
2025-05-30 06:01:53,107 INFO supervisord started with pid 1
2025-05-30 06:01:54,112 INFO spawned: 'laravel-queue' with pid 6
2025-05-30 06:01:54,117 INFO spawned: 'php-server' with pid 7
2025-05-30 06:01:55,257 INFO success: laravel-queue entered RUNNING state, process has stayed up for > than 1 seconds (startsecs)
2025-05-30 06:01:55,258 INFO success: php-server entered RUNNING state, process has stayed up for > than 1 seconds (startsecs)
2025-05-30 11:18:40,471 WARN received SIGQUIT indicating exit request
2025-05-30 11:18:40,472 INFO waiting for laravel-queue, php-server to die
2025-05-30 11:18:40,473 WARN stopped: php-server (terminated by SIGTERM)
2025-05-30 11:18:40,476 WARN stopped: laravel-queue (terminated by SIGTERM)
2025-05-30 11:18:58,525 CRIT Supervisor is running as root.  Privileges were not dropped because no user is specified in the config file.  If you intend to run as root, you can set user=root in the config file to avoid this message.
2025-05-30 11:18:58,530 INFO RPC interface 'supervisor' initialized
2025-05-30 11:18:58,530 CRIT Server 'unix_http_server' running without any HTTP authentication checking
2025-05-30 11:18:58,531 INFO supervisord started with pid 1
2025-05-30 11:18:59,537 INFO spawned: 'laravel-queue' with pid 7
2025-05-30 11:18:59,544 INFO spawned: 'php-server' with pid 8
2025-05-30 11:19:00,573 INFO success: laravel-queue entered RUNNING state, process has stayed up for > than 1 seconds (startsecs)
2025-05-30 11:19:00,575 INFO success: php-server entered RUNNING state, process has stayed up for > than 1 seconds (startsecs)
2025-05-30 13:02:44,248 WARN received SIGQUIT indicating exit request
2025-05-30 13:02:44,249 INFO waiting for laravel-queue, php-server to die
2025-05-30 13:02:44,250 WARN stopped: php-server (terminated by SIGTERM)
2025-05-30 13:02:45,255 WARN stopped: laravel-queue (terminated by SIGTERM)
2025-06-02 05:58:10,748 CRIT Supervisor is running as root.  Privileges were not dropped because no user is specified in the config file.  If you intend to run as root, you can set user=root in the config file to avoid this message.
2025-06-02 05:58:10,756 INFO RPC interface 'supervisor' initialized
2025-06-02 05:58:10,756 CRIT Server 'unix_http_server' running without any HTTP authentication checking
2025-06-02 05:58:10,758 INFO supervisord started with pid 1
2025-06-02 05:58:11,763 INFO spawned: 'laravel-queue' with pid 7
2025-06-02 05:58:11,769 INFO spawned: 'php-server' with pid 8
2025-06-02 05:58:12,920 INFO success: laravel-queue entered RUNNING state, process has stayed up for > than 1 seconds (startsecs)
2025-06-02 05:58:12,921 INFO success: php-server entered RUNNING state, process has stayed up for > than 1 seconds (startsecs)
2025-06-02 10:27:46,205 INFO reaped unknown pid 84 (exit status 0)
2025-06-02 13:04:40,076 WARN received SIGQUIT indicating exit request
2025-06-02 13:04:40,077 INFO waiting for laravel-queue, php-server to die
2025-06-02 13:04:40,081 WARN stopped: php-server (terminated by SIGTERM)
2025-06-02 13:04:41,087 WARN stopped: laravel-queue (terminated by SIGTERM)
2025-06-03 06:03:02,965 CRIT Supervisor is running as root.  Privileges were not dropped because no user is specified in the config file.  If you intend to run as root, you can set user=root in the config file to avoid this message.
2025-06-03 06:03:02,978 INFO RPC interface 'supervisor' initialized
2025-06-03 06:03:02,979 CRIT Server 'unix_http_server' running without any HTTP authentication checking
2025-06-03 06:03:02,983 INFO supervisord started with pid 1
2025-06-03 06:03:03,989 INFO spawned: 'laravel-queue' with pid 7
2025-06-03 06:03:03,994 INFO spawned: 'php-server' with pid 8
2025-06-03 06:03:05,258 INFO success: laravel-queue entered RUNNING state, process has stayed up for > than 1 seconds (startsecs)
2025-06-03 06:03:05,259 INFO success: php-server entered RUNNING state, process has stayed up for > than 1 seconds (startsecs)
2025-06-03 11:00:14,882 INFO reaped unknown pid 53 (exit status 0)
2025-06-03 13:01:01,570 WARN received SIGQUIT indicating exit request
2025-06-03 13:01:01,571 INFO waiting for laravel-queue, php-server to die
2025-06-03 13:01:01,574 WARN stopped: php-server (terminated by SIGTERM)
2025-06-03 13:01:02,580 WARN stopped: laravel-queue (terminated by SIGTERM)
2025-06-04 05:59:26,336 CRIT Supervisor is running as root.  Privileges were not dropped because no user is specified in the config file.  If you intend to run as root, you can set user=root in the config file to avoid this message.
2025-06-04 05:59:26,344 INFO RPC interface 'supervisor' initialized
2025-06-04 05:59:26,344 CRIT Server 'unix_http_server' running without any HTTP authentication checking
2025-06-04 05:59:26,345 INFO supervisord started with pid 1
2025-06-04 05:59:27,347 INFO spawned: 'laravel-queue' with pid 7
2025-06-04 05:59:27,352 INFO spawned: 'php-server' with pid 8
2025-06-04 05:59:28,488 INFO success: laravel-queue entered RUNNING state, process has stayed up for > than 1 seconds (startsecs)
2025-06-04 05:59:28,489 INFO success: php-server entered RUNNING state, process has stayed up for > than 1 seconds (startsecs)
2025-06-04 13:01:20,784 WARN received SIGQUIT indicating exit request
2025-06-04 13:01:20,785 INFO waiting for laravel-queue, php-server to die
2025-06-04 13:01:20,789 WARN stopped: php-server (terminated by SIGTERM)
2025-06-04 13:01:20,793 WARN stopped: laravel-queue (terminated by SIGTERM)
2025-06-05 05:56:05,365 CRIT Supervisor is running as root.  Privileges were not dropped because no user is specified in the config file.  If you intend to run as root, you can set user=root in the config file to avoid this message.
2025-06-05 05:56:05,373 INFO RPC interface 'supervisor' initialized
2025-06-05 05:56:05,374 CRIT Server 'unix_http_server' running without any HTTP authentication checking
2025-06-05 05:56:05,376 INFO supervisord started with pid 1
2025-06-05 05:56:06,378 INFO spawned: 'laravel-queue' with pid 7
2025-06-05 05:56:06,384 INFO spawned: 'php-server' with pid 8
2025-06-05 05:56:07,546 INFO success: laravel-queue entered RUNNING state, process has stayed up for > than 1 seconds (startsecs)
2025-06-05 05:56:07,547 INFO success: php-server entered RUNNING state, process has stayed up for > than 1 seconds (startsecs)
2025-06-05 13:00:21,975 WARN received SIGQUIT indicating exit request
2025-06-05 13:00:21,976 INFO waiting for laravel-queue, php-server to die
2025-06-05 13:00:21,980 WARN stopped: php-server (terminated by SIGTERM)
2025-06-05 13:00:22,987 WARN stopped: laravel-queue (terminated by SIGTERM)
2025-06-09 05:59:29,946 CRIT Supervisor is running as root.  Privileges were not dropped because no user is specified in the config file.  If you intend to run as root, you can set user=root in the config file to avoid this message.
2025-06-09 05:59:29,953 INFO RPC interface 'supervisor' initialized
2025-06-09 05:59:29,954 CRIT Server 'unix_http_server' running without any HTTP authentication checking
2025-06-09 05:59:29,955 INFO supervisord started with pid 1
2025-06-09 05:59:30,959 INFO spawned: 'laravel-queue' with pid 7
2025-06-09 05:59:30,966 INFO spawned: 'php-server' with pid 8
2025-06-09 05:59:32,090 INFO success: laravel-queue entered RUNNING state, process has stayed up for > than 1 seconds (startsecs)
2025-06-09 05:59:32,091 INFO success: php-server entered RUNNING state, process has stayed up for > than 1 seconds (startsecs)
2025-06-09 13:00:18,460 WARN received SIGQUIT indicating exit request
2025-06-09 13:00:18,461 INFO waiting for laravel-queue, php-server to die
2025-06-09 13:00:18,464 WARN stopped: php-server (terminated by SIGTERM)
2025-06-09 13:00:18,469 WARN stopped: laravel-queue (terminated by SIGTERM)
2025-06-10 05:55:23,266 CRIT Supervisor is running as root.  Privileges were not dropped because no user is specified in the config file.  If you intend to run as root, you can set user=root in the config file to avoid this message.
2025-06-10 05:55:23,271 INFO RPC interface 'supervisor' initialized
2025-06-10 05:55:23,271 CRIT Server 'unix_http_server' running without any HTTP authentication checking
2025-06-10 05:55:23,272 INFO supervisord started with pid 1
2025-06-10 05:55:24,277 INFO spawned: 'laravel-queue' with pid 7
2025-06-10 05:55:24,282 INFO spawned: 'php-server' with pid 8
2025-06-10 05:55:25,428 INFO success: laravel-queue entered RUNNING state, process has stayed up for > than 1 seconds (startsecs)
2025-06-10 05:55:25,429 INFO success: php-server entered RUNNING state, process has stayed up for > than 1 seconds (startsecs)
2025-06-10 10:45:45,265 CRIT Supervisor is running as root.  Privileges were not dropped because no user is specified in the config file.  If you intend to run as root, you can set user=root in the config file to avoid this message.
2025-06-10 10:45:45,571 INFO RPC interface 'supervisor' initialized
2025-06-10 10:45:45,572 CRIT Server 'unix_http_server' running without any HTTP authentication checking
2025-06-10 10:45:45,573 INFO supervisord started with pid 1
2025-06-10 10:45:46,578 INFO spawned: 'laravel-queue' with pid 7
2025-06-10 10:45:46,582 INFO spawned: 'php-server' with pid 8
2025-06-10 10:45:47,737 INFO success: laravel-queue entered RUNNING state, process has stayed up for > than 1 seconds (startsecs)
2025-06-10 10:45:47,738 INFO success: php-server entered RUNNING state, process has stayed up for > than 1 seconds (startsecs)
2025-06-10 13:00:29,560 WARN received SIGQUIT indicating exit request
2025-06-10 13:00:29,561 INFO waiting for laravel-queue, php-server to die
2025-06-10 13:00:29,564 WARN stopped: php-server (terminated by SIGTERM)
2025-06-10 13:00:30,570 WARN stopped: laravel-queue (terminated by SIGTERM)
2025-06-11 06:01:49,546 CRIT Supervisor is running as root.  Privileges were not dropped because no user is specified in the config file.  If you intend to run as root, you can set user=root in the config file to avoid this message.
2025-06-11 06:01:49,551 INFO RPC interface 'supervisor' initialized
2025-06-11 06:01:49,551 CRIT Server 'unix_http_server' running without any HTTP authentication checking
2025-06-11 06:01:49,552 INFO supervisord started with pid 1
2025-06-11 06:01:50,555 INFO spawned: 'laravel-queue' with pid 8
2025-06-11 06:01:50,558 INFO spawned: 'php-server' with pid 9
2025-06-11 06:01:51,718 INFO success: laravel-queue entered RUNNING state, process has stayed up for > than 1 seconds (startsecs)
2025-06-11 06:01:51,718 INFO success: php-server entered RUNNING state, process has stayed up for > than 1 seconds (startsecs)
2025-06-11 10:41:41,714 WARN received SIGQUIT indicating exit request
2025-06-11 10:41:41,715 INFO waiting for laravel-queue, php-server to die
2025-06-11 10:41:41,716 WARN stopped: php-server (terminated by SIGTERM)
2025-06-11 10:41:42,720 WARN stopped: laravel-queue (terminated by SIGTERM)
2025-06-11 10:42:37,300 CRIT Supervisor is running as root.  Privileges were not dropped because no user is specified in the config file.  If you intend to run as root, you can set user=root in the config file to avoid this message.
2025-06-11 10:42:37,305 INFO RPC interface 'supervisor' initialized
2025-06-11 10:42:37,306 CRIT Server 'unix_http_server' running without any HTTP authentication checking
2025-06-11 10:42:37,308 INFO supervisord started with pid 1
2025-06-11 10:42:38,311 INFO spawned: 'laravel-queue' with pid 7
2025-06-11 10:42:38,314 INFO spawned: 'php-server' with pid 8
2025-06-11 10:42:39,350 INFO success: laravel-queue entered RUNNING state, process has stayed up for > than 1 seconds (startsecs)
2025-06-11 10:42:39,351 INFO success: php-server entered RUNNING state, process has stayed up for > than 1 seconds (startsecs)
2025-06-11 13:01:36,868 WARN received SIGQUIT indicating exit request
2025-06-11 13:01:36,869 INFO waiting for laravel-queue, php-server to die
2025-06-11 13:01:36,876 WARN stopped: php-server (terminated by SIGTERM)
2025-06-11 13:01:36,882 WARN stopped: laravel-queue (terminated by SIGTERM)
2025-06-12 06:00:55,825 CRIT Supervisor is running as root.  Privileges were not dropped because no user is specified in the config file.  If you intend to run as root, you can set user=root in the config file to avoid this message.
2025-06-12 06:00:55,829 INFO RPC interface 'supervisor' initialized
2025-06-12 06:00:55,829 CRIT Server 'unix_http_server' running without any HTTP authentication checking
2025-06-12 06:00:55,830 INFO supervisord started with pid 1
2025-06-12 06:00:56,835 INFO spawned: 'laravel-queue' with pid 7
2025-06-12 06:00:56,848 INFO spawned: 'php-server' with pid 8
2025-06-12 06:00:58,015 INFO success: laravel-queue entered RUNNING state, process has stayed up for > than 1 seconds (startsecs)
2025-06-12 06:00:58,016 INFO success: php-server entered RUNNING state, process has stayed up for > than 1 seconds (startsecs)
2025-06-12 11:29:24,392 WARN received SIGQUIT indicating exit request
2025-06-12 11:29:24,392 INFO waiting for laravel-queue, php-server to die
2025-06-12 11:29:24,394 WARN stopped: php-server (terminated by SIGTERM)
2025-06-12 11:29:24,396 WARN stopped: laravel-queue (terminated by SIGTERM)
2025-06-12 11:29:56,624 CRIT Supervisor is running as root.  Privileges were not dropped because no user is specified in the config file.  If you intend to run as root, you can set user=root in the config file to avoid this message.
2025-06-12 11:29:56,629 INFO RPC interface 'supervisor' initialized
2025-06-12 11:29:56,630 CRIT Server 'unix_http_server' running without any HTTP authentication checking
2025-06-12 11:29:56,632 INFO supervisord started with pid 1
2025-06-12 11:29:57,637 INFO spawned: 'laravel-queue' with pid 6
2025-06-12 11:29:57,640 INFO spawned: 'php-server' with pid 7
2025-06-12 11:29:58,675 INFO success: laravel-queue entered RUNNING state, process has stayed up for > than 1 seconds (startsecs)
2025-06-12 11:29:58,676 INFO success: php-server entered RUNNING state, process has stayed up for > than 1 seconds (startsecs)
2025-06-12 12:49:47,073 CRIT Supervisor is running as root.  Privileges were not dropped because no user is specified in the config file.  If you intend to run as root, you can set user=root in the config file to avoid this message.
2025-06-12 12:49:47,383 INFO RPC interface 'supervisor' initialized
2025-06-12 12:49:47,384 CRIT Server 'unix_http_server' running without any HTTP authentication checking
2025-06-12 12:49:47,385 INFO supervisord started with pid 1
2025-06-12 12:49:48,388 INFO spawned: 'laravel-queue' with pid 7
2025-06-12 12:49:48,392 INFO spawned: 'php-server' with pid 8
2025-06-12 12:49:49,555 INFO success: laravel-queue entered RUNNING state, process has stayed up for > than 1 seconds (startsecs)
2025-06-12 12:49:49,556 INFO success: php-server entered RUNNING state, process has stayed up for > than 1 seconds (startsecs)
2025-06-13 05:58:32,012 CRIT Supervisor is running as root.  Privileges were not dropped because no user is specified in the config file.  If you intend to run as root, you can set user=root in the config file to avoid this message.
2025-06-13 05:58:32,319 INFO RPC interface 'supervisor' initialized
2025-06-13 05:58:32,319 CRIT Server 'unix_http_server' running without any HTTP authentication checking
2025-06-13 05:58:32,320 INFO supervisord started with pid 1
2025-06-13 05:58:33,323 INFO spawned: 'laravel-queue' with pid 7
2025-06-13 05:58:33,327 INFO spawned: 'php-server' with pid 8
2025-06-13 05:58:34,502 INFO success: laravel-queue entered RUNNING state, process has stayed up for > than 1 seconds (startsecs)
2025-06-13 05:58:34,503 INFO success: php-server entered RUNNING state, process has stayed up for > than 1 seconds (startsecs)
2025-06-13 13:01:09,899 WARN received SIGQUIT indicating exit request
2025-06-13 13:01:09,900 INFO waiting for laravel-queue, php-server to die
2025-06-13 13:01:09,903 WARN stopped: php-server (terminated by SIGTERM)
2025-06-13 13:01:10,909 WARN stopped: laravel-queue (terminated by SIGTERM)
2025-06-16 08:10:42,764 CRIT Supervisor is running as root.  Privileges were not dropped because no user is specified in the config file.  If you intend to run as root, you can set user=root in the config file to avoid this message.
2025-06-16 08:10:42,769 INFO RPC interface 'supervisor' initialized
2025-06-16 08:10:42,769 CRIT Server 'unix_http_server' running without any HTTP authentication checking
2025-06-16 08:10:42,771 INFO supervisord started with pid 1
2025-06-16 08:10:43,774 INFO spawned: 'laravel-queue' with pid 7
2025-06-16 08:10:43,783 INFO spawned: 'php-server' with pid 8
2025-06-16 08:10:44,898 INFO success: laravel-queue entered RUNNING state, process has stayed up for > than 1 seconds (startsecs)
2025-06-16 08:10:44,899 INFO success: php-server entered RUNNING state, process has stayed up for > than 1 seconds (startsecs)
2025-06-16 13:00:23,696 WARN received SIGQUIT indicating exit request
2025-06-16 13:00:23,697 INFO waiting for laravel-queue, php-server to die
2025-06-16 13:00:23,700 WARN stopped: php-server (terminated by SIGTERM)
2025-06-16 13:00:24,706 WARN stopped: laravel-queue (terminated by SIGTERM)
2025-06-18 06:13:15,822 CRIT Supervisor is running as root.  Privileges were not dropped because no user is specified in the config file.  If you intend to run as root, you can set user=root in the config file to avoid this message.
2025-06-18 06:13:15,829 INFO RPC interface 'supervisor' initialized
2025-06-18 06:13:15,830 CRIT Server 'unix_http_server' running without any HTTP authentication checking
2025-06-18 06:13:15,831 INFO supervisord started with pid 1
2025-06-18 06:13:16,835 INFO spawned: 'laravel-queue' with pid 7
2025-06-18 06:13:16,842 INFO spawned: 'php-server' with pid 8
2025-06-18 06:13:17,968 INFO success: laravel-queue entered RUNNING state, process has stayed up for > than 1 seconds (startsecs)
2025-06-18 06:13:17,969 INFO success: php-server entered RUNNING state, process has stayed up for > than 1 seconds (startsecs)
2025-06-18 06:23:17,005 WARN received SIGQUIT indicating exit request
2025-06-18 06:23:17,006 INFO waiting for laravel-queue, php-server to die
2025-06-18 06:23:17,007 WARN stopped: php-server (terminated by SIGTERM)
2025-06-18 06:23:18,011 WARN stopped: laravel-queue (terminated by SIGTERM)
2025-06-18 06:24:13,342 CRIT Supervisor is running as root.  Privileges were not dropped because no user is specified in the config file.  If you intend to run as root, you can set user=root in the config file to avoid this message.
2025-06-18 06:24:13,348 INFO RPC interface 'supervisor' initialized
2025-06-18 06:24:13,348 CRIT Server 'unix_http_server' running without any HTTP authentication checking
2025-06-18 06:24:13,350 INFO supervisord started with pid 1
2025-06-18 06:24:14,354 INFO spawned: 'laravel-queue' with pid 7
2025-06-18 06:24:14,359 INFO spawned: 'php-server' with pid 8
2025-06-18 06:24:15,386 INFO success: laravel-queue entered RUNNING state, process has stayed up for > than 1 seconds (startsecs)
2025-06-18 06:24:15,387 INFO success: php-server entered RUNNING state, process has stayed up for > than 1 seconds (startsecs)
2025-06-18 06:24:56,641 WARN received SIGQUIT indicating exit request
2025-06-18 06:24:56,642 INFO waiting for laravel-queue, php-server to die
2025-06-18 06:24:56,644 WARN stopped: php-server (terminated by SIGTERM)
2025-06-18 06:24:56,647 WARN stopped: laravel-queue (terminated by SIGTERM)
2025-06-18 06:25:50,681 CRIT Supervisor is running as root.  Privileges were not dropped because no user is specified in the config file.  If you intend to run as root, you can set user=root in the config file to avoid this message.
2025-06-18 06:25:50,684 INFO RPC interface 'supervisor' initialized
2025-06-18 06:25:50,684 CRIT Server 'unix_http_server' running without any HTTP authentication checking
2025-06-18 06:25:50,686 INFO supervisord started with pid 1
2025-06-18 06:25:51,689 INFO spawned: 'laravel-queue' with pid 7
2025-06-18 06:25:51,695 INFO spawned: 'php-server' with pid 8
2025-06-18 06:25:52,724 INFO success: laravel-queue entered RUNNING state, process has stayed up for > than 1 seconds (startsecs)
2025-06-18 06:25:52,725 INFO success: php-server entered RUNNING state, process has stayed up for > than 1 seconds (startsecs)
2025-06-18 08:02:25,874 WARN received SIGQUIT indicating exit request
2025-06-18 08:02:25,874 INFO waiting for laravel-queue, php-server to die
2025-06-18 08:02:25,876 WARN stopped: php-server (terminated by SIGTERM)
2025-06-18 08:02:25,878 WARN stopped: laravel-queue (terminated by SIGTERM)
2025-06-18 08:03:07,810 CRIT Supervisor is running as root.  Privileges were not dropped because no user is specified in the config file.  If you intend to run as root, you can set user=root in the config file to avoid this message.
2025-06-18 08:03:07,814 INFO RPC interface 'supervisor' initialized
2025-06-18 08:03:07,815 CRIT Server 'unix_http_server' running without any HTTP authentication checking
2025-06-18 08:03:07,816 INFO supervisord started with pid 1
2025-06-18 08:03:08,820 INFO spawned: 'laravel-queue' with pid 7
2025-06-18 08:03:08,822 INFO spawned: 'php-server' with pid 8
2025-06-18 08:03:09,839 INFO success: laravel-queue entered RUNNING state, process has stayed up for > than 1 seconds (startsecs)
2025-06-18 08:03:09,840 INFO success: php-server entered RUNNING state, process has stayed up for > than 1 seconds (startsecs)
2025-06-18 08:30:18,332 INFO reaped unknown pid 56 (exit status 0)
2025-06-18 11:05:34,796 INFO waiting for laravel-queue to stop
2025-06-18 11:05:34,798 WARN stopped: laravel-queue (terminated by SIGTERM)
2025-06-18 11:05:34,802 INFO spawned: 'laravel-queue' with pid 104
2025-06-18 11:05:35,805 INFO success: laravel-queue entered RUNNING state, process has stayed up for > than 1 seconds (startsecs)
2025-06-18 11:24:08,338 INFO reaped unknown pid 130 (exit status 0)
2025-06-18 11:31:08,181 WARN received SIGQUIT indicating exit request
2025-06-18 11:31:08,182 INFO waiting for laravel-queue, php-server to die
2025-06-18 11:31:08,183 WARN stopped: php-server (terminated by SIGTERM)
2025-06-18 11:31:09,188 WARN stopped: laravel-queue (terminated by SIGTERM)
2025-06-18 11:31:31,163 CRIT Supervisor is running as root.  Privileges were not dropped because no user is specified in the config file.  If you intend to run as root, you can set user=root in the config file to avoid this message.
2025-06-18 11:31:31,169 INFO RPC interface 'supervisor' initialized
2025-06-18 11:31:31,170 CRIT Server 'unix_http_server' running without any HTTP authentication checking
2025-06-18 11:31:31,172 INFO supervisord started with pid 1
2025-06-18 11:31:32,186 INFO spawned: 'laravel-queue' with pid 7
2025-06-18 11:31:32,189 INFO spawned: 'php-server' with pid 8
2025-06-18 11:31:33,204 INFO success: laravel-queue entered RUNNING state, process has stayed up for > than 1 seconds (startsecs)
2025-06-18 11:31:33,204 INFO success: php-server entered RUNNING state, process has stayed up for > than 1 seconds (startsecs)
2025-06-18 12:17:58,694 WARN received SIGQUIT indicating exit request
2025-06-18 12:17:58,695 INFO waiting for laravel-queue, php-server to die
2025-06-18 12:17:58,696 WARN stopped: php-server (terminated by SIGTERM)
2025-06-18 12:17:59,700 WARN stopped: laravel-queue (terminated by SIGTERM)
2025-06-18 12:18:06,820 CRIT Supervisor is running as root.  Privileges were not dropped because no user is specified in the config file.  If you intend to run as root, you can set user=root in the config file to avoid this message.
2025-06-18 12:18:06,826 INFO RPC interface 'supervisor' initialized
2025-06-18 12:18:06,826 CRIT Server 'unix_http_server' running without any HTTP authentication checking
2025-06-18 12:18:06,829 INFO supervisord started with pid 1
2025-06-18 12:18:07,833 INFO spawned: 'laravel-queue' with pid 7
2025-06-18 12:18:07,836 INFO spawned: 'php-server' with pid 8
2025-06-18 12:18:08,871 INFO success: laravel-queue entered RUNNING state, process has stayed up for > than 1 seconds (startsecs)
2025-06-18 12:18:08,872 INFO success: php-server entered RUNNING state, process has stayed up for > than 1 seconds (startsecs)
2025-06-18 12:59:22,004 WARN received SIGQUIT indicating exit request
2025-06-18 12:59:22,005 INFO waiting for laravel-queue, php-server to die
2025-06-18 12:59:22,007 WARN stopped: php-server (terminated by SIGTERM)
2025-06-18 12:59:22,010 WARN stopped: laravel-queue (terminated by SIGTERM)
2026-02-02 10:14:43,058 CRIT Supervisor is running as root.  Privileges were not dropped because no user is specified in the config file.  If you intend to run as root, you can set user=root in the config file to avoid this message.
2026-02-02 10:14:43,063 INFO RPC interface 'supervisor' initialized
2026-02-02 10:14:43,063 CRIT Server 'unix_http_server' running without any HTTP authentication checking
2026-02-02 10:14:43,064 INFO supervisord started with pid 1
2026-02-02 10:14:44,068 INFO spawned: 'laravel-queue' with pid 6
2026-02-02 10:14:44,072 INFO spawned: 'php-server' with pid 7
2026-02-02 10:14:45,102 INFO success: laravel-queue entered RUNNING state, process has stayed up for > than 1 seconds (startsecs)
2026-02-02 10:14:45,103 INFO success: php-server entered RUNNING state, process has stayed up for > than 1 seconds (startsecs)
2026-02-02 10:14:45,248 WARN exited: laravel-queue (exit status 1; not expected)
2026-02-02 10:14:46,254 INFO spawned: 'laravel-queue' with pid 12
2026-02-02 10:14:46,905 WARN exited: laravel-queue (exit status 1; not expected)
2026-02-02 10:14:47,906 INFO spawned: 'laravel-queue' with pid 17
2026-02-02 10:14:48,501 WARN exited: laravel-queue (exit status 1; not expected)
2026-02-02 10:14:50,505 INFO spawned: 'laravel-queue' with pid 22
2026-02-02 10:14:51,507 INFO success: laravel-queue entered RUNNING state, process has stayed up for > than 1 seconds (startsecs)
2026-02-02 12:11:54,159 CRIT Supervisor is running as root.  Privileges were not dropped because no user is specified in the config file.  If you intend to run as root, you can set user=root in the config file to avoid this message.
2026-02-02 12:11:54,469 INFO RPC interface 'supervisor' initialized
2026-02-02 12:11:54,469 CRIT Server 'unix_http_server' running without any HTTP authentication checking
2026-02-02 12:11:54,470 INFO supervisord started with pid 1
2026-02-02 12:11:55,474 INFO spawned: 'laravel-queue' with pid 7
2026-02-02 12:11:55,476 INFO spawned: 'php-server' with pid 8
2026-02-02 12:11:56,586 INFO success: laravel-queue entered RUNNING state, process has stayed up for > than 1 seconds (startsecs)
2026-02-02 12:11:56,587 INFO success: php-server entered RUNNING state, process has stayed up for > than 1 seconds (startsecs)
2026-02-02 13:35:22,925 WARN received SIGQUIT indicating exit request
2026-02-02 13:35:22,925 INFO waiting for laravel-queue, php-server to die
2026-02-02 13:35:22,928 WARN stopped: php-server (terminated by SIGTERM)
2026-02-02 13:35:23,932 WARN stopped: laravel-queue (terminated by SIGTERM)
2026-02-02 13:35:31,350 CRIT Supervisor is running as root.  Privileges were not dropped because no user is specified in the config file.  If you intend to run as root, you can set user=root in the config file to avoid this message.
2026-02-02 13:35:31,355 INFO RPC interface 'supervisor' initialized
2026-02-02 13:35:31,355 CRIT Server 'unix_http_server' running without any HTTP authentication checking
2026-02-02 13:35:31,359 INFO supervisord started with pid 1
2026-02-02 13:35:32,363 INFO spawned: 'laravel-queue' with pid 7
2026-02-02 13:35:32,365 INFO spawned: 'php-server' with pid 8
2026-02-02 13:35:33,385 INFO success: laravel-queue entered RUNNING state, process has stayed up for > than 1 seconds (startsecs)
2026-02-02 13:35:33,385 INFO success: php-server entered RUNNING state, process has stayed up for > than 1 seconds (startsecs)
2026-02-02 13:35:37,393 WARN received SIGQUIT indicating exit request
2026-02-02 13:35:37,393 INFO waiting for laravel-queue, php-server to die
2026-02-02 13:35:37,394 WARN stopped: php-server (terminated by SIGTERM)
2026-02-02 13:35:38,397 WARN stopped: laravel-queue (terminated by SIGTERM)
2026-02-02 13:44:32,762 CRIT Supervisor is running as root.  Privileges were not dropped because no user is specified in the config file.  If you intend to run as root, you can set user=root in the config file to avoid this message.
2026-02-02 13:44:32,767 INFO RPC interface 'supervisor' initialized
2026-02-02 13:44:32,767 CRIT Server 'unix_http_server' running without any HTTP authentication checking
2026-02-02 13:44:32,768 INFO supervisord started with pid 1
2026-02-02 13:44:33,778 INFO spawned: 'laravel-queue' with pid 7
2026-02-02 13:44:33,786 INFO spawned: 'php-server' with pid 8
2026-02-02 13:44:34,821 INFO success: laravel-queue entered RUNNING state, process has stayed up for > than 1 seconds (startsecs)
2026-02-02 13:44:34,822 INFO success: php-server entered RUNNING state, process has stayed up for > than 1 seconds (startsecs)
2026-02-02 14:03:09,963 WARN received SIGQUIT indicating exit request
2026-02-02 14:03:09,964 INFO waiting for laravel-queue, php-server to die
2026-02-02 14:03:09,967 WARN stopped: php-server (terminated by SIGTERM)
2026-02-02 14:03:10,971 WARN stopped: laravel-queue (terminated by SIGTERM)
2026-02-03 06:54:48,650 CRIT Supervisor is running as root.  Privileges were not dropped because no user is specified in the config file.  If you intend to run as root, you can set user=root in the config file to avoid this message.
2026-02-03 06:54:48,655 INFO RPC interface 'supervisor' initialized
2026-02-03 06:54:48,656 CRIT Server 'unix_http_server' running without any HTTP authentication checking
2026-02-03 06:54:48,657 INFO supervisord started with pid 1
2026-02-03 06:54:49,659 INFO spawned: 'laravel-queue' with pid 7
2026-02-03 06:54:49,663 INFO spawned: 'php-server' with pid 8
2026-02-03 06:54:50,766 INFO success: laravel-queue entered RUNNING state, process has stayed up for > than 1 seconds (startsecs)
2026-02-03 06:54:50,766 INFO success: php-server entered RUNNING state, process has stayed up for > than 1 seconds (startsecs)
2026-02-03 07:08:52,917 WARN received SIGQUIT indicating exit request
2026-02-03 07:08:52,918 INFO waiting for laravel-queue, php-server to die
2026-02-03 07:08:52,919 WARN stopped: php-server (terminated by SIGTERM)
2026-02-03 07:08:53,922 WARN stopped: laravel-queue (terminated by SIGTERM)
2026-02-03 07:09:03,515 CRIT Supervisor is running as root.  Privileges were not dropped because no user is specified in the config file.  If you intend to run as root, you can set user=root in the config file to avoid this message.
2026-02-03 07:09:03,519 INFO RPC interface 'supervisor' initialized
2026-02-03 07:09:03,520 CRIT Server 'unix_http_server' running without any HTTP authentication checking
2026-02-03 07:09:03,522 INFO supervisord started with pid 1
2026-02-03 07:09:04,526 INFO spawned: 'laravel-queue' with pid 7
2026-02-03 07:09:04,528 INFO spawned: 'php-server' with pid 8
2026-02-03 07:09:05,544 INFO success: laravel-queue entered RUNNING state, process has stayed up for > than 1 seconds (startsecs)
2026-02-03 07:09:05,545 INFO success: php-server entered RUNNING state, process has stayed up for > than 1 seconds (startsecs)
2026-02-03 07:39:29,609 WARN received SIGQUIT indicating exit request
2026-02-03 07:39:29,609 INFO waiting for laravel-queue, php-server to die
2026-02-03 07:39:29,611 WARN stopped: php-server (terminated by SIGTERM)
2026-02-03 07:39:30,614 WARN stopped: laravel-queue (terminated by SIGTERM)
2026-02-03 07:39:36,379 CRIT Supervisor is running as root.  Privileges were not dropped because no user is specified in the config file.  If you intend to run as root, you can set user=root in the config file to avoid this message.
2026-02-03 07:39:36,384 INFO RPC interface 'supervisor' initialized
2026-02-03 07:39:36,384 CRIT Server 'unix_http_server' running without any HTTP authentication checking
2026-02-03 07:39:36,385 INFO supervisord started with pid 1
2026-02-03 07:39:37,388 INFO spawned: 'laravel-queue' with pid 7
2026-02-03 07:39:37,390 INFO spawned: 'php-server' with pid 8
2026-02-03 07:39:38,402 INFO success: laravel-queue entered RUNNING state, process has stayed up for > than 1 seconds (startsecs)
2026-02-03 07:39:38,403 INFO success: php-server entered RUNNING state, process has stayed up for > than 1 seconds (startsecs)
2026-02-03 07:40:35,751 WARN received SIGQUIT indicating exit request
2026-02-03 07:40:35,752 INFO waiting for laravel-queue, php-server to die
2026-02-03 07:40:35,753 WARN stopped: php-server (terminated by SIGTERM)
2026-02-03 07:40:36,756 WARN stopped: laravel-queue (terminated by SIGTERM)
2026-02-03 07:44:07,608 CRIT Supervisor is running as root.  Privileges were not dropped because no user is specified in the config file.  If you intend to run as root, you can set user=root in the config file to avoid this message.
2026-02-03 07:44:07,613 INFO RPC interface 'supervisor' initialized
2026-02-03 07:44:07,614 CRIT Server 'unix_http_server' running without any HTTP authentication checking
2026-02-03 07:44:07,616 INFO supervisord started with pid 1
2026-02-03 07:44:08,626 INFO spawned: 'laravel-queue' with pid 7
2026-02-03 07:44:08,628 INFO spawned: 'php-server' with pid 8
2026-02-03 07:44:09,766 INFO success: laravel-queue entered RUNNING state, process has stayed up for > than 1 seconds (startsecs)
2026-02-03 07:44:09,766 INFO success: php-server entered RUNNING state, process has stayed up for > than 1 seconds (startsecs)
2026-02-03 08:00:05,540 WARN received SIGQUIT indicating exit request
2026-02-03 08:00:05,540 INFO waiting for laravel-queue, php-server to die
2026-02-03 08:00:05,542 WARN stopped: php-server (terminated by SIGTERM)
2026-02-03 08:00:06,546 WARN stopped: laravel-queue (terminated by SIGTERM)
2026-02-03 08:00:17,584 CRIT Supervisor is running as root.  Privileges were not dropped because no user is specified in the config file.  If you intend to run as root, you can set user=root in the config file to avoid this message.
2026-02-03 08:00:17,588 INFO RPC interface 'supervisor' initialized
2026-02-03 08:00:17,588 CRIT Server 'unix_http_server' running without any HTTP authentication checking
2026-02-03 08:00:17,590 INFO supervisord started with pid 1
2026-02-03 08:00:18,604 INFO spawned: 'laravel-queue' with pid 7
2026-02-03 08:00:18,606 INFO spawned: 'php-server' with pid 8
2026-02-03 08:00:19,625 INFO success: laravel-queue entered RUNNING state, process has stayed up for > than 1 seconds (startsecs)
2026-02-03 08:00:19,625 INFO success: php-server entered RUNNING state, process has stayed up for > than 1 seconds (startsecs)
2026-02-03 08:00:43,507 WARN received SIGQUIT indicating exit request
2026-02-03 08:00:43,507 INFO waiting for laravel-queue, php-server to die
2026-02-03 08:00:43,509 WARN stopped: php-server (terminated by SIGTERM)
2026-02-03 08:00:43,510 WARN stopped: laravel-queue (terminated by SIGTERM)
2026-02-03 08:05:14,293 CRIT Supervisor is running as root.  Privileges were not dropped because no user is specified in the config file.  If you intend to run as root, you can set user=root in the config file to avoid this message.
2026-02-03 08:05:14,297 INFO RPC interface 'supervisor' initialized
2026-02-03 08:05:14,297 CRIT Server 'unix_http_server' running without any HTTP authentication checking
2026-02-03 08:05:14,298 INFO supervisord started with pid 1
2026-02-03 08:05:15,306 INFO spawned: 'laravel-queue' with pid 7
2026-02-03 08:05:15,307 INFO spawned: 'php-server' with pid 8
2026-02-03 08:05:16,321 INFO success: laravel-queue entered RUNNING state, process has stayed up for > than 1 seconds (startsecs)
2026-02-03 08:05:16,322 INFO success: php-server entered RUNNING state, process has stayed up for > than 1 seconds (startsecs)
2026-02-03 09:52:12,151 WARN received SIGQUIT indicating exit request
2026-02-03 09:52:12,151 INFO waiting for laravel-queue, php-server to die
2026-02-03 09:52:12,153 WARN stopped: php-server (terminated by SIGTERM)
2026-02-03 09:52:13,158 WARN stopped: laravel-queue (terminated by SIGTERM)
2026-02-03 09:52:19,776 CRIT Supervisor is running as root.  Privileges were not dropped because no user is specified in the config file.  If you intend to run as root, you can set user=root in the config file to avoid this message.
2026-02-03 09:52:19,780 INFO RPC interface 'supervisor' initialized
2026-02-03 09:52:19,781 CRIT Server 'unix_http_server' running without any HTTP authentication checking
2026-02-03 09:52:19,782 INFO supervisord started with pid 1
2026-02-03 09:52:20,785 INFO spawned: 'laravel-queue' with pid 7
2026-02-03 09:52:20,787 INFO spawned: 'php-server' with pid 8
2026-02-03 09:52:21,803 INFO success: laravel-queue entered RUNNING state, process has stayed up for > than 1 seconds (startsecs)
2026-02-03 09:52:21,803 INFO success: php-server entered RUNNING state, process has stayed up for > than 1 seconds (startsecs)
2026-02-03 09:57:21,934 WARN received SIGQUIT indicating exit request
2026-02-03 09:57:21,934 INFO waiting for laravel-queue, php-server to die
2026-02-03 09:57:21,936 WARN stopped: php-server (terminated by SIGTERM)
2026-02-03 09:57:21,937 WARN stopped: laravel-queue (terminated by SIGTERM)
2026-02-03 10:02:13,223 CRIT Supervisor is running as root.  Privileges were not dropped because no user is specified in the config file.  If you intend to run as root, you can set user=root in the config file to avoid this message.
2026-02-03 10:02:13,227 INFO RPC interface 'supervisor' initialized
2026-02-03 10:02:13,228 CRIT Server 'unix_http_server' running without any HTTP authentication checking
2026-02-03 10:02:13,229 INFO supervisord started with pid 1
2026-02-03 10:02:14,242 INFO spawned: 'laravel-queue' with pid 7
2026-02-03 10:02:14,244 INFO spawned: 'php-server' with pid 8
2026-02-03 10:02:15,267 INFO success: laravel-queue entered RUNNING state, process has stayed up for > than 1 seconds (startsecs)
2026-02-03 10:02:15,267 INFO success: php-server entered RUNNING state, process has stayed up for > than 1 seconds (startsecs)
2026-02-03 10:21:54,581 WARN received SIGQUIT indicating exit request
2026-02-03 10:21:54,582 INFO waiting for laravel-queue, php-server to die
2026-02-03 10:21:54,585 WARN stopped: php-server (terminated by SIGTERM)
2026-02-03 10:21:55,590 WARN stopped: laravel-queue (terminated by SIGTERM)
2026-02-03 10:22:02,764 CRIT Supervisor is running as root.  Privileges were not dropped because no user is specified in the config file.  If you intend to run as root, you can set user=root in the config file to avoid this message.
2026-02-03 10:22:02,769 INFO RPC interface 'supervisor' initialized
2026-02-03 10:22:02,770 CRIT Server 'unix_http_server' running without any HTTP authentication checking
2026-02-03 10:22:02,772 INFO supervisord started with pid 1
2026-02-03 10:22:03,776 INFO spawned: 'laravel-queue' with pid 7
2026-02-03 10:22:03,778 INFO spawned: 'php-server' with pid 8
2026-02-03 10:22:04,799 INFO success: laravel-queue entered RUNNING state, process has stayed up for > than 1 seconds (startsecs)
2026-02-03 10:22:04,799 INFO success: php-server entered RUNNING state, process has stayed up for > than 1 seconds (startsecs)
2026-02-03 10:32:22,196 CRIT Supervisor is running as root.  Privileges were not dropped because no user is specified in the config file.  If you intend to run as root, you can set user=root in the config file to avoid this message.
2026-02-03 10:32:22,505 INFO RPC interface 'supervisor' initialized
2026-02-03 10:32:22,505 CRIT Server 'unix_http_server' running without any HTTP authentication checking
2026-02-03 10:32:22,507 INFO supervisord started with pid 1
2026-02-03 10:32:23,510 INFO spawned: 'laravel-queue' with pid 7
2026-02-03 10:32:23,514 INFO spawned: 'php-server' with pid 8
2026-02-03 10:32:24,765 INFO success: laravel-queue entered RUNNING state, process has stayed up for > than 1 seconds (startsecs)
2026-02-03 10:32:24,766 INFO success: php-server entered RUNNING state, process has stayed up for > than 1 seconds (startsecs)
2026-02-03 11:31:26,965 INFO reaped unknown pid 200 (exit status 0)
2026-02-03 14:00:58,159 WARN received SIGQUIT indicating exit request
2026-02-03 14:00:58,159 INFO waiting for laravel-queue, php-server to die
2026-02-03 14:00:58,160 WARN stopped: php-server (terminated by SIGTERM)
2026-02-03 14:00:59,163 WARN stopped: laravel-queue (terminated by SIGTERM)
2026-02-04 06:58:03,391 CRIT Supervisor is running as root.  Privileges were not dropped because no user is specified in the config file.  If you intend to run as root, you can set user=root in the config file to avoid this message.
2026-02-04 06:58:03,396 INFO RPC interface 'supervisor' initialized
2026-02-04 06:58:03,396 CRIT Server 'unix_http_server' running without any HTTP authentication checking
2026-02-04 06:58:03,398 INFO supervisord started with pid 1
2026-02-04 06:58:04,400 INFO spawned: 'laravel-queue' with pid 7
2026-02-04 06:58:04,403 INFO spawned: 'php-server' with pid 8
2026-02-04 06:58:05,514 INFO success: laravel-queue entered RUNNING state, process has stayed up for > than 1 seconds (startsecs)
2026-02-04 06:58:05,514 INFO success: php-server entered RUNNING state, process has stayed up for > than 1 seconds (startsecs)
2026-02-04 07:42:15,017 WARN received SIGQUIT indicating exit request
2026-02-04 07:42:15,018 INFO waiting for laravel-queue, php-server to die
2026-02-04 07:42:15,019 WARN stopped: php-server (terminated by SIGTERM)
2026-02-04 07:42:16,023 WARN stopped: laravel-queue (terminated by SIGTERM)
2026-02-04 07:42:23,244 CRIT Supervisor is running as root.  Privileges were not dropped because no user is specified in the config file.  If you intend to run as root, you can set user=root in the config file to avoid this message.
2026-02-04 07:42:23,249 INFO RPC interface 'supervisor' initialized
2026-02-04 07:42:23,249 CRIT Server 'unix_http_server' running without any HTTP authentication checking
2026-02-04 07:42:23,251 INFO supervisord started with pid 1
2026-02-04 07:42:24,257 INFO spawned: 'laravel-queue' with pid 7
2026-02-04 07:42:24,259 INFO spawned: 'php-server' with pid 8
2026-02-04 07:42:25,277 INFO success: laravel-queue entered RUNNING state, process has stayed up for > than 1 seconds (startsecs)
2026-02-04 07:42:25,277 INFO success: php-server entered RUNNING state, process has stayed up for > than 1 seconds (startsecs)
2026-02-04 08:09:30,088 INFO reaped unknown pid 41 (terminated by SIGINT)
2026-02-04 08:09:39,102 INFO reaped unknown pid 82 (exit status 0)
2026-02-04 08:10:10,472 INFO reaped unknown pid 133 (exit status 0)
2026-02-04 08:11:34,112 INFO reaped unknown pid 185 (exit status 0)
2026-02-04 08:13:20,326 INFO reaped unknown pid 227 (exit status 0)
2026-02-04 10:39:13,277 INFO reaped unknown pid 279 (terminated by SIGINT)
2026-02-04 10:39:37,322 INFO reaped unknown pid 334 (terminated by SIGINT)
2026-02-04 10:39:40,328 WARN received SIGQUIT indicating exit request
2026-02-04 10:39:40,329 INFO waiting for laravel-queue, php-server to die
2026-02-04 10:39:40,330 WARN stopped: php-server (terminated by SIGTERM)
2026-02-04 10:39:41,333 WARN stopped: laravel-queue (terminated by SIGTERM)
2026-02-04 10:47:18,827 CRIT Supervisor is running as root.  Privileges were not dropped because no user is specified in the config file.  If you intend to run as root, you can set user=root in the config file to avoid this message.
2026-02-04 10:47:18,831 INFO RPC interface 'supervisor' initialized
2026-02-04 10:47:18,831 CRIT Server 'unix_http_server' running without any HTTP authentication checking
2026-02-04 10:47:18,832 INFO supervisord started with pid 1
2026-02-04 10:47:19,839 INFO spawned: 'laravel-queue' with pid 7
2026-02-04 10:47:19,842 INFO spawned: 'php-server' with pid 8
2026-02-04 10:47:20,885 INFO success: laravel-queue entered RUNNING state, process has stayed up for > than 1 seconds (startsecs)
2026-02-04 10:47:20,885 INFO success: php-server entered RUNNING state, process has stayed up for > than 1 seconds (startsecs)
2026-02-04 11:47:41,341 CRIT Supervisor is running as root.  Privileges were not dropped because no user is specified in the config file.  If you intend to run as root, you can set user=root in the config file to avoid this message.
2026-02-04 11:47:41,647 INFO RPC interface 'supervisor' initialized
2026-02-04 11:47:41,648 CRIT Server 'unix_http_server' running without any HTTP authentication checking
2026-02-04 11:47:41,649 INFO supervisord started with pid 1
2026-02-04 11:47:42,653 INFO spawned: 'laravel-queue' with pid 6
2026-02-04 11:47:42,658 INFO spawned: 'php-server' with pid 7
2026-02-04 11:47:43,756 INFO success: laravel-queue entered RUNNING state, process has stayed up for > than 1 seconds (startsecs)
2026-02-04 11:47:43,757 INFO success: php-server entered RUNNING state, process has stayed up for > than 1 seconds (startsecs)
2026-02-05 10:12:37,230 CRIT Supervisor is running as root.  Privileges were not dropped because no user is specified in the config file.  If you intend to run as root, you can set user=root in the config file to avoid this message.
2026-02-05 10:12:37,233 INFO RPC interface 'supervisor' initialized
2026-02-05 10:12:37,233 CRIT Server 'unix_http_server' running without any HTTP authentication checking
2026-02-05 10:12:37,234 INFO supervisord started with pid 1
2026-02-05 10:12:38,236 INFO spawned: 'laravel-queue' with pid 7
2026-02-05 10:12:38,238 INFO spawned: 'php-server' with pid 8
2026-02-05 10:12:39,251 INFO success: laravel-queue entered RUNNING state, process has stayed up for > than 1 seconds (startsecs)
2026-02-05 10:12:39,252 INFO success: php-server entered RUNNING state, process has stayed up for > than 1 seconds (startsecs)
2026-02-05 10:14:58,555 INFO reaped unknown pid 42 (terminated by SIGINT)
2026-02-05 10:53:20,147 WARN received SIGQUIT indicating exit request
2026-02-05 10:53:20,147 INFO waiting for laravel-queue, php-server to die
2026-02-05 10:53:20,149 WARN stopped: php-server (terminated by SIGTERM)
2026-02-05 10:53:21,152 WARN stopped: laravel-queue (terminated by SIGTERM)
2026-02-05 10:53:39,898 CRIT Supervisor is running as root.  Privileges were not dropped because no user is specified in the config file.  If you intend to run as root, you can set user=root in the config file to avoid this message.
2026-02-05 10:53:39,902 INFO RPC interface 'supervisor' initialized
2026-02-05 10:53:39,902 CRIT Server 'unix_http_server' running without any HTTP authentication checking
2026-02-05 10:53:39,903 INFO supervisord started with pid 1
2026-02-05 10:53:40,906 INFO spawned: 'laravel-queue' with pid 7
2026-02-05 10:53:40,908 INFO spawned: 'php-server' with pid 8
2026-02-05 10:53:41,923 INFO success: laravel-queue entered RUNNING state, process has stayed up for > than 1 seconds (startsecs)
2026-02-05 10:53:41,924 INFO success: php-server entered RUNNING state, process has stayed up for > than 1 seconds (startsecs)
2026-02-06 06:53:56,848 CRIT Supervisor is running as root.  Privileges were not dropped because no user is specified in the config file.  If you intend to run as root, you can set user=root in the config file to avoid this message.
2026-02-06 06:53:56,856 INFO RPC interface 'supervisor' initialized
2026-02-06 06:53:56,857 CRIT Server 'unix_http_server' running without any HTTP authentication checking
2026-02-06 06:53:56,857 INFO supervisord started with pid 1
2026-02-06 06:53:57,860 INFO spawned: 'laravel-queue' with pid 7
2026-02-06 06:53:57,864 INFO spawned: 'php-server' with pid 8
2026-02-06 06:53:58,971 INFO success: laravel-queue entered RUNNING state, process has stayed up for > than 1 seconds (startsecs)
2026-02-06 06:53:58,972 INFO success: php-server entered RUNNING state, process has stayed up for > than 1 seconds (startsecs)
2026-02-06 07:50:22,214 INFO reaped unknown pid 48 (terminated by SIGINT)
2026-02-06 07:50:24,217 WARN received SIGQUIT indicating exit request
2026-02-06 07:50:24,217 INFO waiting for laravel-queue, php-server to die
2026-02-06 07:50:24,218 WARN stopped: php-server (terminated by SIGTERM)
2026-02-06 07:50:25,222 WARN stopped: laravel-queue (terminated by SIGTERM)
2026-02-06 07:50:32,088 CRIT Supervisor is running as root.  Privileges were not dropped because no user is specified in the config file.  If you intend to run as root, you can set user=root in the config file to avoid this message.
2026-02-06 07:50:32,091 INFO RPC interface 'supervisor' initialized
2026-02-06 07:50:32,092 CRIT Server 'unix_http_server' running without any HTTP authentication checking
2026-02-06 07:50:32,093 INFO supervisord started with pid 1
2026-02-06 07:50:33,097 INFO spawned: 'laravel-queue' with pid 7
2026-02-06 07:50:33,099 INFO spawned: 'php-server' with pid 8
2026-02-06 07:50:34,114 INFO success: laravel-queue entered RUNNING state, process has stayed up for > than 1 seconds (startsecs)
2026-02-06 07:50:34,114 INFO success: php-server entered RUNNING state, process has stayed up for > than 1 seconds (startsecs)
2026-02-06 07:51:13,189 WARN received SIGQUIT indicating exit request
2026-02-06 07:51:13,190 INFO waiting for laravel-queue, php-server to die
2026-02-06 07:51:13,191 WARN stopped: php-server (terminated by SIGTERM)
2026-02-06 07:51:13,192 WARN stopped: laravel-queue (terminated by SIGTERM)
2026-02-06 07:52:27,395 CRIT Supervisor is running as root.  Privileges were not dropped because no user is specified in the config file.  If you intend to run as root, you can set user=root in the config file to avoid this message.
2026-02-06 07:52:27,399 INFO RPC interface 'supervisor' initialized
2026-02-06 07:52:27,401 CRIT Server 'unix_http_server' running without any HTTP authentication checking
2026-02-06 07:52:27,403 INFO supervisord started with pid 1
2026-02-06 07:52:28,412 INFO spawned: 'laravel-queue' with pid 7
2026-02-06 07:52:28,414 INFO spawned: 'php-server' with pid 8
2026-02-06 07:52:29,432 INFO success: laravel-queue entered RUNNING state, process has stayed up for > than 1 seconds (startsecs)
2026-02-06 07:52:29,433 INFO success: php-server entered RUNNING state, process has stayed up for > than 1 seconds (startsecs)
2026-02-06 08:52:53,090 WARN received SIGQUIT indicating exit request
2026-02-06 08:52:53,090 INFO waiting for laravel-queue, php-server to die
2026-02-06 08:52:53,092 WARN stopped: php-server (terminated by SIGTERM)
2026-02-06 08:52:54,095 WARN stopped: laravel-queue (terminated by SIGTERM)
2026-02-06 08:52:54,095 INFO reaped unknown pid 42 (terminated by SIGINT)
2026-02-06 08:53:59,788 CRIT Supervisor is running as root.  Privileges were not dropped because no user is specified in the config file.  If you intend to run as root, you can set user=root in the config file to avoid this message.
2026-02-06 08:53:59,791 INFO RPC interface 'supervisor' initialized
2026-02-06 08:53:59,791 CRIT Server 'unix_http_server' running without any HTTP authentication checking
2026-02-06 08:53:59,792 INFO supervisord started with pid 1
2026-02-06 08:54:00,798 INFO spawned: 'laravel-queue' with pid 7
2026-02-06 08:54:00,800 INFO spawned: 'php-server' with pid 8
2026-02-06 08:54:01,824 INFO success: laravel-queue entered RUNNING state, process has stayed up for > than 1 seconds (startsecs)
2026-02-06 08:54:01,824 INFO success: php-server entered RUNNING state, process has stayed up for > than 1 seconds (startsecs)
2026-02-06 14:02:48,386 WARN received SIGQUIT indicating exit request
2026-02-06 14:02:48,387 INFO waiting for laravel-queue, php-server to die
2026-02-06 14:02:48,388 WARN stopped: php-server (terminated by SIGTERM)
2026-02-06 14:02:49,391 WARN stopped: laravel-queue (terminated by SIGTERM)
2026-02-09 06:59:16,509 CRIT Supervisor is running as root.  Privileges were not dropped because no user is specified in the config file.  If you intend to run as root, you can set user=root in the config file to avoid this message.
2026-02-09 06:59:16,516 INFO RPC interface 'supervisor' initialized
2026-02-09 06:59:16,517 CRIT Server 'unix_http_server' running without any HTTP authentication checking
2026-02-09 06:59:16,519 INFO supervisord started with pid 1
2026-02-09 06:59:17,521 INFO spawned: 'laravel-queue' with pid 7
2026-02-09 06:59:17,524 INFO spawned: 'php-server' with pid 8
2026-02-09 06:59:18,626 INFO success: laravel-queue entered RUNNING state, process has stayed up for > than 1 seconds (startsecs)
2026-02-09 06:59:18,627 INFO success: php-server entered RUNNING state, process has stayed up for > than 1 seconds (startsecs)
2026-02-09 11:21:41,737 INFO reaped unknown pid 42 (terminated by SIGINT)
2026-02-09 14:02:24,799 WARN received SIGQUIT indicating exit request
2026-02-09 14:02:24,800 INFO waiting for laravel-queue, php-server to die
2026-02-09 14:02:24,801 WARN stopped: php-server (terminated by SIGTERM)
2026-02-09 14:02:25,804 WARN stopped: laravel-queue (terminated by SIGTERM)
2026-02-10 06:59:46,830 CRIT Supervisor is running as root.  Privileges were not dropped because no user is specified in the config file.  If you intend to run as root, you can set user=root in the config file to avoid this message.
2026-02-10 06:59:46,833 INFO RPC interface 'supervisor' initialized
2026-02-10 06:59:46,833 CRIT Server 'unix_http_server' running without any HTTP authentication checking
2026-02-10 06:59:46,835 INFO supervisord started with pid 1
2026-02-10 06:59:47,838 INFO spawned: 'laravel-queue' with pid 6
2026-02-10 06:59:47,840 INFO spawned: 'php-server' with pid 7
2026-02-10 06:59:48,956 INFO success: laravel-queue entered RUNNING state, process has stayed up for > than 1 seconds (startsecs)
2026-02-10 06:59:48,956 INFO success: php-server entered RUNNING state, process has stayed up for > than 1 seconds (startsecs)
2026-02-10 07:04:51,732 WARN received SIGQUIT indicating exit request
2026-02-10 07:04:51,732 INFO waiting for laravel-queue, php-server to die
2026-02-10 07:04:51,734 WARN stopped: php-server (terminated by SIGTERM)
2026-02-10 07:04:52,737 WARN stopped: laravel-queue (terminated by SIGTERM)
2026-02-10 07:05:01,484 CRIT Supervisor is running as root.  Privileges were not dropped because no user is specified in the config file.  If you intend to run as root, you can set user=root in the config file to avoid this message.
2026-02-10 07:05:01,489 INFO RPC interface 'supervisor' initialized
2026-02-10 07:05:01,491 CRIT Server 'unix_http_server' running without any HTTP authentication checking
2026-02-10 07:05:01,493 INFO supervisord started with pid 1
2026-02-10 07:05:02,506 INFO spawned: 'laravel-queue' with pid 7
2026-02-10 07:05:02,508 INFO spawned: 'php-server' with pid 8
2026-02-10 07:05:03,528 INFO success: laravel-queue entered RUNNING state, process has stayed up for > than 1 seconds (startsecs)
2026-02-10 07:05:03,529 INFO success: php-server entered RUNNING state, process has stayed up for > than 1 seconds (startsecs)
2026-02-10 13:24:47,609 WARN received SIGQUIT indicating exit request
2026-02-10 13:24:47,609 INFO waiting for laravel-queue, php-server to die
2026-02-10 13:24:47,610 WARN stopped: php-server (terminated by SIGTERM)
2026-02-10 13:24:48,616 WARN stopped: laravel-queue (terminated by SIGTERM)
2026-02-10 13:24:57,657 CRIT Supervisor is running as root.  Privileges were not dropped because no user is specified in the config file.  If you intend to run as root, you can set user=root in the config file to avoid this message.
2026-02-10 13:24:57,660 INFO RPC interface 'supervisor' initialized
2026-02-10 13:24:57,660 CRIT Server 'unix_http_server' running without any HTTP authentication checking
2026-02-10 13:24:57,661 INFO supervisord started with pid 1
2026-02-10 13:24:58,675 INFO spawned: 'laravel-queue' with pid 7
2026-02-10 13:24:58,677 INFO spawned: 'php-server' with pid 8
2026-02-10 13:24:59,690 INFO success: laravel-queue entered RUNNING state, process has stayed up for > than 1 seconds (startsecs)
2026-02-10 13:24:59,690 INFO success: php-server entered RUNNING state, process has stayed up for > than 1 seconds (startsecs)
2026-02-10 13:59:13,820 WARN received SIGQUIT indicating exit request
2026-02-10 13:59:13,820 INFO waiting for laravel-queue, php-server to die
2026-02-10 13:59:13,821 WARN stopped: php-server (terminated by SIGTERM)
2026-02-10 13:59:14,825 WARN stopped: laravel-queue (terminated by SIGTERM)
